[WARN][2020-05-09 17:46:12,536][com.dzc.MainController]获取配置文件失败， 没有读取到默认配置.
[DEBUG][2020-05-09 17:46:30,491][com.alibaba.excel.metadata.property.ExcelHeadProperty]The initialization sheet/table 'ExcelHeadProperty' is complete , head kind is CLASS
[DEBUG][2020-05-09 17:46:30,544][com.alibaba.excel.context.AnalysisContextImpl]Initialization 'AnalysisContextImpl' complete
[DEBUG][2020-05-09 17:46:30,684][com.alibaba.excel.cache.selector.SimpleReadCacheSelector]Use map cache.size:5648
[DEBUG][2020-05-09 17:46:31,312][com.alibaba.excel.metadata.property.ExcelHeadProperty]The initialization sheet/table 'ExcelHeadProperty' is complete , head kind is CLASS
[DEBUG][2020-05-09 17:46:31,313][com.alibaba.excel.context.AnalysisContextImpl]Began to read：ReadSheetHolder{sheetNo=0, sheetName='Sheet1'} com.alibaba.excel.read.metadata.holder.ReadSheetHolder@25b9f9e3
[WARN][2020-05-09 17:46:31,453][com.alibaba.excel.read.metadata.holder.AbstractReadHolder]Empty row!
[WARN][2020-05-09 17:46:31,454][com.alibaba.excel.read.metadata.holder.AbstractReadHolder]Empty row!
[WARN][2020-05-09 17:46:31,455][com.alibaba.excel.read.metadata.holder.AbstractReadHolder]Empty row!
[WARN][2020-05-09 17:46:31,455][com.alibaba.excel.read.metadata.holder.AbstractReadHolder]Empty row!
[WARN][2020-05-09 17:46:31,456][com.alibaba.excel.read.metadata.holder.AbstractReadHolder]Empty row!
[WARN][2020-05-09 17:46:31,457][com.alibaba.excel.read.metadata.holder.AbstractReadHolder]Empty row!
[WARN][2020-05-09 17:46:31,457][com.alibaba.excel.read.metadata.holder.AbstractReadHolder]Empty row!
[WARN][2020-05-09 17:46:31,458][com.alibaba.excel.read.metadata.holder.AbstractReadHolder]Empty row!
[WARN][2020-05-09 17:46:31,458][com.alibaba.excel.read.metadata.holder.AbstractReadHolder]Empty row!
[WARN][2020-05-09 17:46:31,459][com.alibaba.excel.read.metadata.holder.AbstractReadHolder]Empty row!
[WARN][2020-05-09 17:46:31,461][com.alibaba.excel.read.metadata.holder.AbstractReadHolder]Empty row!
[WARN][2020-05-09 17:46:31,462][com.alibaba.excel.read.metadata.holder.AbstractReadHolder]Empty row!
[WARN][2020-05-09 17:46:31,463][com.alibaba.excel.read.metadata.holder.AbstractReadHolder]Empty row!
[WARN][2020-05-09 17:46:31,463][com.alibaba.excel.read.metadata.holder.AbstractReadHolder]Empty row!
[WARN][2020-05-09 17:46:31,464][com.alibaba.excel.read.metadata.holder.AbstractReadHolder]Empty row!
[WARN][2020-05-09 17:46:31,465][com.alibaba.excel.read.metadata.holder.AbstractReadHolder]Empty row!
[WARN][2020-05-09 17:46:31,465][com.alibaba.excel.read.metadata.holder.AbstractReadHolder]Empty row!
[WARN][2020-05-09 17:46:31,466][com.alibaba.excel.read.metadata.holder.AbstractReadHolder]Empty row!
[WARN][2020-05-09 17:46:31,467][com.alibaba.excel.read.metadata.holder.AbstractReadHolder]Empty row!
[WARN][2020-05-09 17:46:31,467][com.alibaba.excel.read.metadata.holder.AbstractReadHolder]Empty row!
[WARN][2020-05-09 17:46:31,468][com.alibaba.excel.read.metadata.holder.AbstractReadHolder]Empty row!
[WARN][2020-05-09 17:46:31,468][com.alibaba.excel.read.metadata.holder.AbstractReadHolder]Empty row!
[WARN][2020-05-09 17:46:31,469][com.alibaba.excel.read.metadata.holder.AbstractReadHolder]Empty row!
[WARN][2020-05-09 17:46:31,470][com.alibaba.excel.read.metadata.holder.AbstractReadHolder]Empty row!
[WARN][2020-05-09 17:46:31,470][com.alibaba.excel.read.metadata.holder.AbstractReadHolder]Empty row!
[WARN][2020-05-09 17:46:31,471][com.alibaba.excel.read.metadata.holder.AbstractReadHolder]Empty row!
[WARN][2020-05-09 17:46:31,471][com.alibaba.excel.read.metadata.holder.AbstractReadHolder]Empty row!
[WARN][2020-05-09 17:46:31,472][com.alibaba.excel.read.metadata.holder.AbstractReadHolder]Empty row!
[WARN][2020-05-09 17:46:31,472][com.alibaba.excel.read.metadata.holder.AbstractReadHolder]Empty row!
[WARN][2020-05-09 17:46:31,473][com.alibaba.excel.read.metadata.holder.AbstractReadHolder]Empty row!
[WARN][2020-05-09 17:46:31,474][com.alibaba.excel.read.metadata.holder.AbstractReadHolder]Empty row!
[WARN][2020-05-09 17:46:31,474][com.alibaba.excel.read.metadata.holder.AbstractReadHolder]Empty row!
[WARN][2020-05-09 17:46:31,475][com.alibaba.excel.read.metadata.holder.AbstractReadHolder]Empty row!
[WARN][2020-05-09 17:46:31,475][com.alibaba.excel.read.metadata.holder.AbstractReadHolder]Empty row!
[WARN][2020-05-09 17:46:31,476][com.alibaba.excel.read.metadata.holder.AbstractReadHolder]Empty row!
[WARN][2020-05-09 17:46:31,477][com.alibaba.excel.read.metadata.holder.AbstractReadHolder]Empty row!
[WARN][2020-05-09 17:46:31,477][com.alibaba.excel.read.metadata.holder.AbstractReadHolder]Empty row!
[WARN][2020-05-09 17:46:31,478][com.alibaba.excel.read.metadata.holder.AbstractReadHolder]Empty row!
[WARN][2020-05-09 17:46:31,478][com.alibaba.excel.read.metadata.holder.AbstractReadHolder]Empty row!
[WARN][2020-05-09 17:46:31,479][com.alibaba.excel.read.metadata.holder.AbstractReadHolder]Empty row!
[WARN][2020-05-09 17:46:31,480][com.alibaba.excel.read.metadata.holder.AbstractReadHolder]Empty row!
[WARN][2020-05-09 17:46:31,480][com.alibaba.excel.read.metadata.holder.AbstractReadHolder]Empty row!
[WARN][2020-05-09 17:46:31,481][com.alibaba.excel.read.metadata.holder.AbstractReadHolder]Empty row!
[WARN][2020-05-09 17:46:31,481][com.alibaba.excel.read.metadata.holder.AbstractReadHolder]Empty row!
[WARN][2020-05-09 17:46:31,482][com.alibaba.excel.read.metadata.holder.AbstractReadHolder]Empty row!
[WARN][2020-05-09 17:46:31,483][com.alibaba.excel.read.metadata.holder.AbstractReadHolder]Empty row!
[WARN][2020-05-09 17:46:31,483][com.alibaba.excel.read.metadata.holder.AbstractReadHolder]Empty row!
[WARN][2020-05-09 17:46:31,484][com.alibaba.excel.read.metadata.holder.AbstractReadHolder]Empty row!
[WARN][2020-05-09 17:46:31,484][com.alibaba.excel.read.metadata.holder.AbstractReadHolder]Empty row!
[WARN][2020-05-09 17:46:31,501][com.alibaba.excel.read.metadata.holder.AbstractReadHolder]Empty row!
[WARN][2020-05-09 17:46:31,502][com.alibaba.excel.read.metadata.holder.AbstractReadHolder]Empty row!
[WARN][2020-05-09 17:46:31,502][com.alibaba.excel.read.metadata.holder.AbstractReadHolder]Empty row!
[WARN][2020-05-09 17:46:31,503][com.alibaba.excel.read.metadata.holder.AbstractReadHolder]Empty row!
[WARN][2020-05-09 17:46:31,503][com.alibaba.excel.read.metadata.holder.AbstractReadHolder]Empty row!
[WARN][2020-05-09 17:46:31,503][com.alibaba.excel.read.metadata.holder.AbstractReadHolder]Empty row!
[WARN][2020-05-09 17:46:31,504][com.alibaba.excel.read.metadata.holder.AbstractReadHolder]Empty row!
[WARN][2020-05-09 17:46:31,504][com.alibaba.excel.read.metadata.holder.AbstractReadHolder]Empty row!
[WARN][2020-05-09 17:46:31,505][com.alibaba.excel.read.metadata.holder.AbstractReadHolder]Empty row!
[WARN][2020-05-09 17:46:31,505][com.alibaba.excel.read.metadata.holder.AbstractReadHolder]Empty row!
[WARN][2020-05-09 17:46:31,506][com.alibaba.excel.read.metadata.holder.AbstractReadHolder]Empty row!
[WARN][2020-05-09 17:46:31,506][com.alibaba.excel.read.metadata.holder.AbstractReadHolder]Empty row!
[WARN][2020-05-09 17:46:31,507][com.alibaba.excel.read.metadata.holder.AbstractReadHolder]Empty row!
[WARN][2020-05-09 17:46:31,507][com.alibaba.excel.read.metadata.holder.AbstractReadHolder]Empty row!
[WARN][2020-05-09 17:46:31,508][com.alibaba.excel.read.metadata.holder.AbstractReadHolder]Empty row!
[WARN][2020-05-09 17:46:31,509][com.alibaba.excel.read.metadata.holder.AbstractReadHolder]Empty row!
[WARN][2020-05-09 17:46:31,509][com.alibaba.excel.read.metadata.holder.AbstractReadHolder]Empty row!
[WARN][2020-05-09 17:46:31,510][com.alibaba.excel.read.metadata.holder.AbstractReadHolder]Empty row!
[WARN][2020-05-09 17:46:31,510][com.alibaba.excel.read.metadata.holder.AbstractReadHolder]Empty row!
[WARN][2020-05-09 17:46:31,511][com.alibaba.excel.read.metadata.holder.AbstractReadHolder]Empty row!
[WARN][2020-05-09 17:46:31,511][com.alibaba.excel.read.metadata.holder.AbstractReadHolder]Empty row!
[WARN][2020-05-09 17:46:31,511][com.alibaba.excel.read.metadata.holder.AbstractReadHolder]Empty row!
[WARN][2020-05-09 17:46:31,512][com.alibaba.excel.read.metadata.holder.AbstractReadHolder]Empty row!
[WARN][2020-05-09 17:46:31,513][com.alibaba.excel.read.metadata.holder.AbstractReadHolder]Empty row!
[WARN][2020-05-09 17:46:31,513][com.alibaba.excel.read.metadata.holder.AbstractReadHolder]Empty row!
[WARN][2020-05-09 17:46:31,513][com.alibaba.excel.read.metadata.holder.AbstractReadHolder]Empty row!
[WARN][2020-05-09 17:46:31,514][com.alibaba.excel.read.metadata.holder.AbstractReadHolder]Empty row!
[WARN][2020-05-09 17:46:31,514][com.alibaba.excel.read.metadata.holder.AbstractReadHolder]Empty row!
[WARN][2020-05-09 17:46:31,515][com.alibaba.excel.read.metadata.holder.AbstractReadHolder]Empty row!
[WARN][2020-05-09 17:46:31,515][com.alibaba.excel.read.metadata.holder.AbstractReadHolder]Empty row!
[WARN][2020-05-09 17:46:31,516][com.alibaba.excel.read.metadata.holder.AbstractReadHolder]Empty row!
[WARN][2020-05-09 17:46:31,516][com.alibaba.excel.read.metadata.holder.AbstractReadHolder]Empty row!
[WARN][2020-05-09 17:46:31,517][com.alibaba.excel.read.metadata.holder.AbstractReadHolder]Empty row!
[WARN][2020-05-09 17:46:31,517][com.alibaba.excel.read.metadata.holder.AbstractReadHolder]Empty row!
[WARN][2020-05-09 17:46:31,518][com.alibaba.excel.read.metadata.holder.AbstractReadHolder]Empty row!
[WARN][2020-05-09 17:46:31,518][com.alibaba.excel.read.metadata.holder.AbstractReadHolder]Empty row!
[WARN][2020-05-09 17:46:31,519][com.alibaba.excel.read.metadata.holder.AbstractReadHolder]Empty row!
[WARN][2020-05-09 17:46:31,519][com.alibaba.excel.read.metadata.holder.AbstractReadHolder]Empty row!
[WARN][2020-05-09 17:46:31,520][com.alibaba.excel.read.metadata.holder.AbstractReadHolder]Empty row!
[WARN][2020-05-09 17:46:31,520][com.alibaba.excel.read.metadata.holder.AbstractReadHolder]Empty row!
[WARN][2020-05-09 17:46:31,521][com.alibaba.excel.read.metadata.holder.AbstractReadHolder]Empty row!
[WARN][2020-05-09 17:46:31,521][com.alibaba.excel.read.metadata.holder.AbstractReadHolder]Empty row!
[WARN][2020-05-09 17:46:31,521][com.alibaba.excel.read.metadata.holder.AbstractReadHolder]Empty row!
[WARN][2020-05-09 17:46:31,522][com.alibaba.excel.read.metadata.holder.AbstractReadHolder]Empty row!
[WARN][2020-05-09 17:46:31,522][com.alibaba.excel.read.metadata.holder.AbstractReadHolder]Empty row!
[WARN][2020-05-09 17:46:31,523][com.alibaba.excel.read.metadata.holder.AbstractReadHolder]Empty row!
[WARN][2020-05-09 17:46:31,523][com.alibaba.excel.read.metadata.holder.AbstractReadHolder]Empty row!
[WARN][2020-05-09 17:46:31,524][com.alibaba.excel.read.metadata.holder.AbstractReadHolder]Empty row!
[WARN][2020-05-09 17:46:31,524][com.alibaba.excel.read.metadata.holder.AbstractReadHolder]Empty row!
[WARN][2020-05-09 17:46:31,524][com.alibaba.excel.read.metadata.holder.AbstractReadHolder]Empty row!
[WARN][2020-05-09 17:46:31,525][com.alibaba.excel.read.metadata.holder.AbstractReadHolder]Empty row!
[WARN][2020-05-09 17:46:31,525][com.alibaba.excel.read.metadata.holder.AbstractReadHolder]Empty row!
[WARN][2020-05-09 17:46:31,526][com.alibaba.excel.read.metadata.holder.AbstractReadHolder]Empty row!
[WARN][2020-05-09 17:46:31,526][com.alibaba.excel.read.metadata.holder.AbstractReadHolder]Empty row!
[WARN][2020-05-09 17:46:31,527][com.alibaba.excel.read.metadata.holder.AbstractReadHolder]Empty row!
[WARN][2020-05-09 17:46:31,527][com.alibaba.excel.read.metadata.holder.AbstractReadHolder]Empty row!
[WARN][2020-05-09 17:46:31,528][com.alibaba.excel.read.metadata.holder.AbstractReadHolder]Empty row!
[WARN][2020-05-09 17:46:31,528][com.alibaba.excel.read.metadata.holder.AbstractReadHolder]Empty row!
[WARN][2020-05-09 17:46:31,529][com.alibaba.excel.read.metadata.holder.AbstractReadHolder]Empty row!
[WARN][2020-05-09 17:46:31,529][com.alibaba.excel.read.metadata.holder.AbstractReadHolder]Empty row!
[WARN][2020-05-09 17:46:31,530][com.alibaba.excel.read.metadata.holder.AbstractReadHolder]Empty row!
[WARN][2020-05-09 17:46:31,530][com.alibaba.excel.read.metadata.holder.AbstractReadHolder]Empty row!
[WARN][2020-05-09 17:46:31,531][com.alibaba.excel.read.metadata.holder.AbstractReadHolder]Empty row!
[WARN][2020-05-09 17:46:31,532][com.alibaba.excel.read.metadata.holder.AbstractReadHolder]Empty row!
[WARN][2020-05-09 17:46:31,532][com.alibaba.excel.read.metadata.holder.AbstractReadHolder]Empty row!
[WARN][2020-05-09 17:46:31,533][com.alibaba.excel.read.metadata.holder.AbstractReadHolder]Empty row!
[WARN][2020-05-09 17:46:31,533][com.alibaba.excel.read.metadata.holder.AbstractReadHolder]Empty row!
[WARN][2020-05-09 17:46:31,533][com.alibaba.excel.read.metadata.holder.AbstractReadHolder]Empty row!
[WARN][2020-05-09 17:46:31,534][com.alibaba.excel.read.metadata.holder.AbstractReadHolder]Empty row!
[WARN][2020-05-09 17:46:31,534][com.alibaba.excel.read.metadata.holder.AbstractReadHolder]Empty row!
[WARN][2020-05-09 17:46:31,535][com.alibaba.excel.read.metadata.holder.AbstractReadHolder]Empty row!
[WARN][2020-05-09 17:46:31,535][com.alibaba.excel.read.metadata.holder.AbstractReadHolder]Empty row!
[WARN][2020-05-09 17:46:31,536][com.alibaba.excel.read.metadata.holder.AbstractReadHolder]Empty row!
[WARN][2020-05-09 17:46:31,536][com.alibaba.excel.read.metadata.holder.AbstractReadHolder]Empty row!
[WARN][2020-05-09 17:46:31,537][com.alibaba.excel.read.metadata.holder.AbstractReadHolder]Empty row!
[WARN][2020-05-09 17:46:31,537][com.alibaba.excel.read.metadata.holder.AbstractReadHolder]Empty row!
[WARN][2020-05-09 17:46:31,538][com.alibaba.excel.read.metadata.holder.AbstractReadHolder]Empty row!
[WARN][2020-05-09 17:46:31,538][com.alibaba.excel.read.metadata.holder.AbstractReadHolder]Empty row!
[WARN][2020-05-09 17:46:31,539][com.alibaba.excel.read.metadata.holder.AbstractReadHolder]Empty row!
[WARN][2020-05-09 17:46:31,539][com.alibaba.excel.read.metadata.holder.AbstractReadHolder]Empty row!
[WARN][2020-05-09 17:46:31,540][com.alibaba.excel.read.metadata.holder.AbstractReadHolder]Empty row!
[WARN][2020-05-09 17:46:31,540][com.alibaba.excel.read.metadata.holder.AbstractReadHolder]Empty row!
[WARN][2020-05-09 17:46:31,540][com.alibaba.excel.read.metadata.holder.AbstractReadHolder]Empty row!
[WARN][2020-05-09 17:46:31,541][com.alibaba.excel.read.metadata.holder.AbstractReadHolder]Empty row!
[WARN][2020-05-09 17:46:31,541][com.alibaba.excel.read.metadata.holder.AbstractReadHolder]Empty row!
[WARN][2020-05-09 17:46:31,542][com.alibaba.excel.read.metadata.holder.AbstractReadHolder]Empty row!
[WARN][2020-05-09 17:46:31,542][com.alibaba.excel.read.metadata.holder.AbstractReadHolder]Empty row!
[WARN][2020-05-09 17:46:31,543][com.alibaba.excel.read.metadata.holder.AbstractReadHolder]Empty row!
[WARN][2020-05-09 17:46:31,543][com.alibaba.excel.read.metadata.holder.AbstractReadHolder]Empty row!
[WARN][2020-05-09 17:46:31,544][com.alibaba.excel.read.metadata.holder.AbstractReadHolder]Empty row!
[WARN][2020-05-09 17:46:31,544][com.alibaba.excel.read.metadata.holder.AbstractReadHolder]Empty row!
[WARN][2020-05-09 17:46:31,544][com.alibaba.excel.read.metadata.holder.AbstractReadHolder]Empty row!
[WARN][2020-05-09 17:46:31,545][com.alibaba.excel.read.metadata.holder.AbstractReadHolder]Empty row!
[WARN][2020-05-09 17:46:31,545][com.alibaba.excel.read.metadata.holder.AbstractReadHolder]Empty row!
[WARN][2020-05-09 17:46:31,546][com.alibaba.excel.read.metadata.holder.AbstractReadHolder]Empty row!
[WARN][2020-05-09 17:46:31,546][com.alibaba.excel.read.metadata.holder.AbstractReadHolder]Empty row!
[WARN][2020-05-09 17:46:31,547][com.alibaba.excel.read.metadata.holder.AbstractReadHolder]Empty row!
[WARN][2020-05-09 17:46:31,547][com.alibaba.excel.read.metadata.holder.AbstractReadHolder]Empty row!
[WARN][2020-05-09 17:46:31,548][com.alibaba.excel.read.metadata.holder.AbstractReadHolder]Empty row!
[WARN][2020-05-09 17:46:31,548][com.alibaba.excel.read.metadata.holder.AbstractReadHolder]Empty row!
[WARN][2020-05-09 17:46:31,549][com.alibaba.excel.read.metadata.holder.AbstractReadHolder]Empty row!
[WARN][2020-05-09 17:46:31,549][com.alibaba.excel.read.metadata.holder.AbstractReadHolder]Empty row!
[WARN][2020-05-09 17:46:31,550][com.alibaba.excel.read.metadata.holder.AbstractReadHolder]Empty row!
[WARN][2020-05-09 17:46:31,550][com.alibaba.excel.read.metadata.holder.AbstractReadHolder]Empty row!
[WARN][2020-05-09 17:46:31,551][com.alibaba.excel.read.metadata.holder.AbstractReadHolder]Empty row!
[WARN][2020-05-09 17:46:31,551][com.alibaba.excel.read.metadata.holder.AbstractReadHolder]Empty row!
[WARN][2020-05-09 17:46:31,551][com.alibaba.excel.read.metadata.holder.AbstractReadHolder]Empty row!
[WARN][2020-05-09 17:46:31,552][com.alibaba.excel.read.metadata.holder.AbstractReadHolder]Empty row!
[WARN][2020-05-09 17:46:31,552][com.alibaba.excel.read.metadata.holder.AbstractReadHolder]Empty row!
[WARN][2020-05-09 17:46:31,553][com.alibaba.excel.read.metadata.holder.AbstractReadHolder]Empty row!
[WARN][2020-05-09 17:46:31,553][com.alibaba.excel.read.metadata.holder.AbstractReadHolder]Empty row!
[WARN][2020-05-09 17:46:31,554][com.alibaba.excel.read.metadata.holder.AbstractReadHolder]Empty row!
[WARN][2020-05-09 17:46:31,554][com.alibaba.excel.read.metadata.holder.AbstractReadHolder]Empty row!
[WARN][2020-05-09 17:46:31,555][com.alibaba.excel.read.metadata.holder.AbstractReadHolder]Empty row!
[WARN][2020-05-09 17:46:31,555][com.alibaba.excel.read.metadata.holder.AbstractReadHolder]Empty row!
[WARN][2020-05-09 17:46:31,556][com.alibaba.excel.read.metadata.holder.AbstractReadHolder]Empty row!
[WARN][2020-05-09 17:46:31,556][com.alibaba.excel.read.metadata.holder.AbstractReadHolder]Empty row!
[WARN][2020-05-09 17:46:31,557][com.alibaba.excel.read.metadata.holder.AbstractReadHolder]Empty row!
[WARN][2020-05-09 17:46:31,557][com.alibaba.excel.read.metadata.holder.AbstractReadHolder]Empty row!
[DEBUG][2020-05-09 17:47:04,766][com.alibaba.excel.metadata.property.ExcelHeadProperty]The initialization sheet/table 'ExcelHeadProperty' is complete , head kind is CLASS
[DEBUG][2020-05-09 17:47:04,879][com.alibaba.excel.context.AnalysisContextImpl]Initialization 'AnalysisContextImpl' complete
[DEBUG][2020-05-09 17:47:05,242][com.alibaba.excel.cache.selector.SimpleReadCacheSelector]Use map cache.size:5648
[DEBUG][2020-05-09 17:47:06,137][com.alibaba.excel.metadata.property.ExcelHeadProperty]The initialization sheet/table 'ExcelHeadProperty' is complete , head kind is CLASS
[DEBUG][2020-05-09 17:47:06,138][com.alibaba.excel.context.AnalysisContextImpl]Began to read：ReadSheetHolder{sheetNo=0, sheetName='Sheet1'} com.alibaba.excel.read.metadata.holder.ReadSheetHolder@6e47c79f
[WARN][2020-05-09 17:47:06,316][com.alibaba.excel.read.metadata.holder.AbstractReadHolder]Empty row!
[WARN][2020-05-09 17:47:06,317][com.alibaba.excel.read.metadata.holder.AbstractReadHolder]Empty row!
[WARN][2020-05-09 17:47:06,317][com.alibaba.excel.read.metadata.holder.AbstractReadHolder]Empty row!
[WARN][2020-05-09 17:47:06,318][com.alibaba.excel.read.metadata.holder.AbstractReadHolder]Empty row!
[WARN][2020-05-09 17:47:06,318][com.alibaba.excel.read.metadata.holder.AbstractReadHolder]Empty row!
[WARN][2020-05-09 17:47:06,319][com.alibaba.excel.read.metadata.holder.AbstractReadHolder]Empty row!
[WARN][2020-05-09 17:47:06,319][com.alibaba.excel.read.metadata.holder.AbstractReadHolder]Empty row!
[WARN][2020-05-09 17:47:06,319][com.alibaba.excel.read.metadata.holder.AbstractReadHolder]Empty row!
[WARN][2020-05-09 17:47:06,320][com.alibaba.excel.read.metadata.holder.AbstractReadHolder]Empty row!
[WARN][2020-05-09 17:47:06,320][com.alibaba.excel.read.metadata.holder.AbstractReadHolder]Empty row!
[WARN][2020-05-09 17:47:06,321][com.alibaba.excel.read.metadata.holder.AbstractReadHolder]Empty row!
[WARN][2020-05-09 17:47:06,325][com.alibaba.excel.read.metadata.holder.AbstractReadHolder]Empty row!
[WARN][2020-05-09 17:47:06,325][com.alibaba.excel.read.metadata.holder.AbstractReadHolder]Empty row!
[WARN][2020-05-09 17:47:06,326][com.alibaba.excel.read.metadata.holder.AbstractReadHolder]Empty row!
[WARN][2020-05-09 17:47:06,326][com.alibaba.excel.read.metadata.holder.AbstractReadHolder]Empty row!
[WARN][2020-05-09 17:47:06,327][com.alibaba.excel.read.metadata.holder.AbstractReadHolder]Empty row!
[WARN][2020-05-09 17:47:06,327][com.alibaba.excel.read.metadata.holder.AbstractReadHolder]Empty row!
[WARN][2020-05-09 17:47:06,328][com.alibaba.excel.read.metadata.holder.AbstractReadHolder]Empty row!
[WARN][2020-05-09 17:47:06,328][com.alibaba.excel.read.metadata.holder.AbstractReadHolder]Empty row!
[WARN][2020-05-09 17:47:06,329][com.alibaba.excel.read.metadata.holder.AbstractReadHolder]Empty row!
[WARN][2020-05-09 17:47:06,330][com.alibaba.excel.read.metadata.holder.AbstractReadHolder]Empty row!
[WARN][2020-05-09 17:47:06,330][com.alibaba.excel.read.metadata.holder.AbstractReadHolder]Empty row!
[WARN][2020-05-09 17:47:06,331][com.alibaba.excel.read.metadata.holder.AbstractReadHolder]Empty row!
[WARN][2020-05-09 17:47:06,332][com.alibaba.excel.read.metadata.holder.AbstractReadHolder]Empty row!
[WARN][2020-05-09 17:47:06,332][com.alibaba.excel.read.metadata.holder.AbstractReadHolder]Empty row!
[WARN][2020-05-09 17:47:06,332][com.alibaba.excel.read.metadata.holder.AbstractReadHolder]Empty row!
[WARN][2020-05-09 17:47:06,333][com.alibaba.excel.read.metadata.holder.AbstractReadHolder]Empty row!
[WARN][2020-05-09 17:47:06,333][com.alibaba.excel.read.metadata.holder.AbstractReadHolder]Empty row!
[WARN][2020-05-09 17:47:06,333][com.alibaba.excel.read.metadata.holder.AbstractReadHolder]Empty row!
[WARN][2020-05-09 17:47:06,349][com.alibaba.excel.read.metadata.holder.AbstractReadHolder]Empty row!
[WARN][2020-05-09 17:47:06,349][com.alibaba.excel.read.metadata.holder.AbstractReadHolder]Empty row!
[WARN][2020-05-09 17:47:06,350][com.alibaba.excel.read.metadata.holder.AbstractReadHolder]Empty row!
[WARN][2020-05-09 17:47:06,350][com.alibaba.excel.read.metadata.holder.AbstractReadHolder]Empty row!
[WARN][2020-05-09 17:47:06,350][com.alibaba.excel.read.metadata.holder.AbstractReadHolder]Empty row!
[WARN][2020-05-09 17:47:06,351][com.alibaba.excel.read.metadata.holder.AbstractReadHolder]Empty row!
[WARN][2020-05-09 17:47:06,351][com.alibaba.excel.read.metadata.holder.AbstractReadHolder]Empty row!
[WARN][2020-05-09 17:47:06,351][com.alibaba.excel.read.metadata.holder.AbstractReadHolder]Empty row!
[WARN][2020-05-09 17:47:06,352][com.alibaba.excel.read.metadata.holder.AbstractReadHolder]Empty row!
[WARN][2020-05-09 17:47:06,352][com.alibaba.excel.read.metadata.holder.AbstractReadHolder]Empty row!
[WARN][2020-05-09 17:47:06,352][com.alibaba.excel.read.metadata.holder.AbstractReadHolder]Empty row!
[WARN][2020-05-09 17:47:06,353][com.alibaba.excel.read.metadata.holder.AbstractReadHolder]Empty row!
[WARN][2020-05-09 17:47:06,353][com.alibaba.excel.read.metadata.holder.AbstractReadHolder]Empty row!
[WARN][2020-05-09 17:47:06,353][com.alibaba.excel.read.metadata.holder.AbstractReadHolder]Empty row!
[WARN][2020-05-09 17:47:06,355][com.alibaba.excel.read.metadata.holder.AbstractReadHolder]Empty row!
[WARN][2020-05-09 17:47:06,357][com.alibaba.excel.read.metadata.holder.AbstractReadHolder]Empty row!
[WARN][2020-05-09 17:47:06,362][com.alibaba.excel.read.metadata.holder.AbstractReadHolder]Empty row!
[WARN][2020-05-09 17:47:06,362][com.alibaba.excel.read.metadata.holder.AbstractReadHolder]Empty row!
[WARN][2020-05-09 17:47:06,377][com.alibaba.excel.read.metadata.holder.AbstractReadHolder]Empty row!
[WARN][2020-05-09 17:47:06,378][com.alibaba.excel.read.metadata.holder.AbstractReadHolder]Empty row!
[WARN][2020-05-09 17:47:06,380][com.alibaba.excel.read.metadata.holder.AbstractReadHolder]Empty row!
[WARN][2020-05-09 17:47:06,391][com.alibaba.excel.read.metadata.holder.AbstractReadHolder]Empty row!
[WARN][2020-05-09 17:47:06,398][com.alibaba.excel.read.metadata.holder.AbstractReadHolder]Empty row!
[WARN][2020-05-09 17:47:06,399][com.alibaba.excel.read.metadata.holder.AbstractReadHolder]Empty row!
[WARN][2020-05-09 17:47:06,399][com.alibaba.excel.read.metadata.holder.AbstractReadHolder]Empty row!
[WARN][2020-05-09 17:47:06,401][com.alibaba.excel.read.metadata.holder.AbstractReadHolder]Empty row!
[WARN][2020-05-09 17:47:06,402][com.alibaba.excel.read.metadata.holder.AbstractReadHolder]Empty row!
[WARN][2020-05-09 17:47:06,403][com.alibaba.excel.read.metadata.holder.AbstractReadHolder]Empty row!
[WARN][2020-05-09 17:47:06,403][com.alibaba.excel.read.metadata.holder.AbstractReadHolder]Empty row!
[WARN][2020-05-09 17:47:06,403][com.alibaba.excel.read.metadata.holder.AbstractReadHolder]Empty row!
[WARN][2020-05-09 17:47:06,404][com.alibaba.excel.read.metadata.holder.AbstractReadHolder]Empty row!
[WARN][2020-05-09 17:47:06,404][com.alibaba.excel.read.metadata.holder.AbstractReadHolder]Empty row!
[WARN][2020-05-09 17:47:06,405][com.alibaba.excel.read.metadata.holder.AbstractReadHolder]Empty row!
[WARN][2020-05-09 17:47:06,405][com.alibaba.excel.read.metadata.holder.AbstractReadHolder]Empty row!
[WARN][2020-05-09 17:47:06,406][com.alibaba.excel.read.metadata.holder.AbstractReadHolder]Empty row!
[WARN][2020-05-09 17:47:06,406][com.alibaba.excel.read.metadata.holder.AbstractReadHolder]Empty row!
[WARN][2020-05-09 17:47:06,407][com.alibaba.excel.read.metadata.holder.AbstractReadHolder]Empty row!
[WARN][2020-05-09 17:47:06,408][com.alibaba.excel.read.metadata.holder.AbstractReadHolder]Empty row!
[WARN][2020-05-09 17:47:06,408][com.alibaba.excel.read.metadata.holder.AbstractReadHolder]Empty row!
[WARN][2020-05-09 17:47:06,409][com.alibaba.excel.read.metadata.holder.AbstractReadHolder]Empty row!
[WARN][2020-05-09 17:47:06,409][com.alibaba.excel.read.metadata.holder.AbstractReadHolder]Empty row!
[WARN][2020-05-09 17:47:06,409][com.alibaba.excel.read.metadata.holder.AbstractReadHolder]Empty row!
[WARN][2020-05-09 17:47:06,410][com.alibaba.excel.read.metadata.holder.AbstractReadHolder]Empty row!
[WARN][2020-05-09 17:47:06,411][com.alibaba.excel.read.metadata.holder.AbstractReadHolder]Empty row!
[WARN][2020-05-09 17:47:06,411][com.alibaba.excel.read.metadata.holder.AbstractReadHolder]Empty row!
[WARN][2020-05-09 17:47:06,412][com.alibaba.excel.read.metadata.holder.AbstractReadHolder]Empty row!
[WARN][2020-05-09 17:47:06,412][com.alibaba.excel.read.metadata.holder.AbstractReadHolder]Empty row!
[WARN][2020-05-09 17:47:06,412][com.alibaba.excel.read.metadata.holder.AbstractReadHolder]Empty row!
[WARN][2020-05-09 17:47:06,413][com.alibaba.excel.read.metadata.holder.AbstractReadHolder]Empty row!
[WARN][2020-05-09 17:47:06,413][com.alibaba.excel.read.metadata.holder.AbstractReadHolder]Empty row!
[WARN][2020-05-09 17:47:06,413][com.alibaba.excel.read.metadata.holder.AbstractReadHolder]Empty row!
[WARN][2020-05-09 17:47:06,414][com.alibaba.excel.read.metadata.holder.AbstractReadHolder]Empty row!
[WARN][2020-05-09 17:47:06,414][com.alibaba.excel.read.metadata.holder.AbstractReadHolder]Empty row!
[WARN][2020-05-09 17:47:06,414][com.alibaba.excel.read.metadata.holder.AbstractReadHolder]Empty row!
[WARN][2020-05-09 17:47:06,415][com.alibaba.excel.read.metadata.holder.AbstractReadHolder]Empty row!
[WARN][2020-05-09 17:47:06,415][com.alibaba.excel.read.metadata.holder.AbstractReadHolder]Empty row!
[WARN][2020-05-09 17:47:06,415][com.alibaba.excel.read.metadata.holder.AbstractReadHolder]Empty row!
[WARN][2020-05-09 17:47:06,416][com.alibaba.excel.read.metadata.holder.AbstractReadHolder]Empty row!
[WARN][2020-05-09 17:47:06,416][com.alibaba.excel.read.metadata.holder.AbstractReadHolder]Empty row!
[WARN][2020-05-09 17:47:06,417][com.alibaba.excel.read.metadata.holder.AbstractReadHolder]Empty row!
[WARN][2020-05-09 17:47:06,426][com.alibaba.excel.read.metadata.holder.AbstractReadHolder]Empty row!
[WARN][2020-05-09 17:47:06,427][com.alibaba.excel.read.metadata.holder.AbstractReadHolder]Empty row!
[WARN][2020-05-09 17:47:06,428][com.alibaba.excel.read.metadata.holder.AbstractReadHolder]Empty row!
[WARN][2020-05-09 17:47:06,430][com.alibaba.excel.read.metadata.holder.AbstractReadHolder]Empty row!
[WARN][2020-05-09 17:47:06,431][com.alibaba.excel.read.metadata.holder.AbstractReadHolder]Empty row!
[WARN][2020-05-09 17:47:06,435][com.alibaba.excel.read.metadata.holder.AbstractReadHolder]Empty row!
[WARN][2020-05-09 17:47:06,435][com.alibaba.excel.read.metadata.holder.AbstractReadHolder]Empty row!
[WARN][2020-05-09 17:47:06,436][com.alibaba.excel.read.metadata.holder.AbstractReadHolder]Empty row!
[WARN][2020-05-09 17:47:06,436][com.alibaba.excel.read.metadata.holder.AbstractReadHolder]Empty row!
[WARN][2020-05-09 17:47:06,437][com.alibaba.excel.read.metadata.holder.AbstractReadHolder]Empty row!
[WARN][2020-05-09 17:47:06,437][com.alibaba.excel.read.metadata.holder.AbstractReadHolder]Empty row!
[WARN][2020-05-09 17:47:06,438][com.alibaba.excel.read.metadata.holder.AbstractReadHolder]Empty row!
[WARN][2020-05-09 17:47:06,438][com.alibaba.excel.read.metadata.holder.AbstractReadHolder]Empty row!
[WARN][2020-05-09 17:47:06,439][com.alibaba.excel.read.metadata.holder.AbstractReadHolder]Empty row!
[WARN][2020-05-09 17:47:06,440][com.alibaba.excel.read.metadata.holder.AbstractReadHolder]Empty row!
[WARN][2020-05-09 17:47:06,443][com.alibaba.excel.read.metadata.holder.AbstractReadHolder]Empty row!
[WARN][2020-05-09 17:47:06,444][com.alibaba.excel.read.metadata.holder.AbstractReadHolder]Empty row!
[WARN][2020-05-09 17:47:06,445][com.alibaba.excel.read.metadata.holder.AbstractReadHolder]Empty row!
[WARN][2020-05-09 17:47:06,445][com.alibaba.excel.read.metadata.holder.AbstractReadHolder]Empty row!
[WARN][2020-05-09 17:47:06,448][com.alibaba.excel.read.metadata.holder.AbstractReadHolder]Empty row!
[WARN][2020-05-09 17:47:06,448][com.alibaba.excel.read.metadata.holder.AbstractReadHolder]Empty row!
[WARN][2020-05-09 17:47:06,453][com.alibaba.excel.read.metadata.holder.AbstractReadHolder]Empty row!
[WARN][2020-05-09 17:47:06,454][com.alibaba.excel.read.metadata.holder.AbstractReadHolder]Empty row!
[WARN][2020-05-09 17:47:06,455][com.alibaba.excel.read.metadata.holder.AbstractReadHolder]Empty row!
[WARN][2020-05-09 17:47:06,456][com.alibaba.excel.read.metadata.holder.AbstractReadHolder]Empty row!
[WARN][2020-05-09 17:47:06,458][com.alibaba.excel.read.metadata.holder.AbstractReadHolder]Empty row!
[WARN][2020-05-09 17:47:06,458][com.alibaba.excel.read.metadata.holder.AbstractReadHolder]Empty row!
[WARN][2020-05-09 17:47:06,458][com.alibaba.excel.read.metadata.holder.AbstractReadHolder]Empty row!
[WARN][2020-05-09 17:47:06,458][com.alibaba.excel.read.metadata.holder.AbstractReadHolder]Empty row!
[WARN][2020-05-09 17:47:06,459][com.alibaba.excel.read.metadata.holder.AbstractReadHolder]Empty row!
[WARN][2020-05-09 17:47:06,459][com.alibaba.excel.read.metadata.holder.AbstractReadHolder]Empty row!
[WARN][2020-05-09 17:47:06,460][com.alibaba.excel.read.metadata.holder.AbstractReadHolder]Empty row!
[WARN][2020-05-09 17:47:06,460][com.alibaba.excel.read.metadata.holder.AbstractReadHolder]Empty row!
[WARN][2020-05-09 17:47:06,461][com.alibaba.excel.read.metadata.holder.AbstractReadHolder]Empty row!
[WARN][2020-05-09 17:47:06,461][com.alibaba.excel.read.metadata.holder.AbstractReadHolder]Empty row!
[WARN][2020-05-09 17:47:06,462][com.alibaba.excel.read.metadata.holder.AbstractReadHolder]Empty row!
[WARN][2020-05-09 17:47:06,462][com.alibaba.excel.read.metadata.holder.AbstractReadHolder]Empty row!
[WARN][2020-05-09 17:47:06,465][com.alibaba.excel.read.metadata.holder.AbstractReadHolder]Empty row!
[WARN][2020-05-09 17:47:06,466][com.alibaba.excel.read.metadata.holder.AbstractReadHolder]Empty row!
[WARN][2020-05-09 17:47:06,466][com.alibaba.excel.read.metadata.holder.AbstractReadHolder]Empty row!
[WARN][2020-05-09 17:47:06,468][com.alibaba.excel.read.metadata.holder.AbstractReadHolder]Empty row!
[WARN][2020-05-09 17:47:06,468][com.alibaba.excel.read.metadata.holder.AbstractReadHolder]Empty row!
[WARN][2020-05-09 17:47:06,468][com.alibaba.excel.read.metadata.holder.AbstractReadHolder]Empty row!
[WARN][2020-05-09 17:47:06,468][com.alibaba.excel.read.metadata.holder.AbstractReadHolder]Empty row!
[WARN][2020-05-09 17:47:06,468][com.alibaba.excel.read.metadata.holder.AbstractReadHolder]Empty row!
[WARN][2020-05-09 17:47:06,470][com.alibaba.excel.read.metadata.holder.AbstractReadHolder]Empty row!
[WARN][2020-05-09 17:47:06,470][com.alibaba.excel.read.metadata.holder.AbstractReadHolder]Empty row!
[WARN][2020-05-09 17:47:06,470][com.alibaba.excel.read.metadata.holder.AbstractReadHolder]Empty row!
[WARN][2020-05-09 17:47:06,470][com.alibaba.excel.read.metadata.holder.AbstractReadHolder]Empty row!
[WARN][2020-05-09 17:47:06,470][com.alibaba.excel.read.metadata.holder.AbstractReadHolder]Empty row!
[WARN][2020-05-09 17:47:06,471][com.alibaba.excel.read.metadata.holder.AbstractReadHolder]Empty row!
[WARN][2020-05-09 17:47:06,471][com.alibaba.excel.read.metadata.holder.AbstractReadHolder]Empty row!
[WARN][2020-05-09 17:47:06,471][com.alibaba.excel.read.metadata.holder.AbstractReadHolder]Empty row!
[WARN][2020-05-09 17:47:06,472][com.alibaba.excel.read.metadata.holder.AbstractReadHolder]Empty row!
[WARN][2020-05-09 17:47:06,476][com.alibaba.excel.read.metadata.holder.AbstractReadHolder]Empty row!
[WARN][2020-05-09 17:47:06,476][com.alibaba.excel.read.metadata.holder.AbstractReadHolder]Empty row!
[WARN][2020-05-09 17:47:06,476][com.alibaba.excel.read.metadata.holder.AbstractReadHolder]Empty row!
[WARN][2020-05-09 17:47:06,477][com.alibaba.excel.read.metadata.holder.AbstractReadHolder]Empty row!
[WARN][2020-05-09 17:47:06,477][com.alibaba.excel.read.metadata.holder.AbstractReadHolder]Empty row!
[WARN][2020-05-09 17:47:06,478][com.alibaba.excel.read.metadata.holder.AbstractReadHolder]Empty row!
[WARN][2020-05-09 17:47:06,478][com.alibaba.excel.read.metadata.holder.AbstractReadHolder]Empty row!
[WARN][2020-05-09 17:47:06,478][com.alibaba.excel.read.metadata.holder.AbstractReadHolder]Empty row!
[WARN][2020-05-09 17:47:06,478][com.alibaba.excel.read.metadata.holder.AbstractReadHolder]Empty row!
[WARN][2020-05-09 17:47:06,478][com.alibaba.excel.read.metadata.holder.AbstractReadHolder]Empty row!
[WARN][2020-05-09 17:47:06,478][com.alibaba.excel.read.metadata.holder.AbstractReadHolder]Empty row!
[WARN][2020-05-09 17:47:06,480][com.alibaba.excel.read.metadata.holder.AbstractReadHolder]Empty row!
[WARN][2020-05-09 17:47:06,480][com.alibaba.excel.read.metadata.holder.AbstractReadHolder]Empty row!
[WARN][2020-05-09 17:47:06,480][com.alibaba.excel.read.metadata.holder.AbstractReadHolder]Empty row!
[WARN][2020-05-09 17:47:06,480][com.alibaba.excel.read.metadata.holder.AbstractReadHolder]Empty row!
[WARN][2020-05-09 17:47:06,482][com.alibaba.excel.read.metadata.holder.AbstractReadHolder]Empty row!
[WARN][2020-05-09 17:47:06,483][com.alibaba.excel.read.metadata.holder.AbstractReadHolder]Empty row!
[WARN][2020-05-09 17:47:06,483][com.alibaba.excel.read.metadata.holder.AbstractReadHolder]Empty row!
[WARN][2020-05-09 17:47:06,484][com.alibaba.excel.read.metadata.holder.AbstractReadHolder]Empty row!
[WARN][2020-05-09 17:47:06,484][com.alibaba.excel.read.metadata.holder.AbstractReadHolder]Empty row!
[WARN][2020-05-09 17:47:06,485][com.alibaba.excel.read.metadata.holder.AbstractReadHolder]Empty row!
[WARN][2020-05-09 17:47:06,485][com.alibaba.excel.read.metadata.holder.AbstractReadHolder]Empty row!
[WARN][2020-05-09 17:47:06,485][com.alibaba.excel.read.metadata.holder.AbstractReadHolder]Empty row!
[WARN][2020-05-09 17:47:06,486][com.alibaba.excel.read.metadata.holder.AbstractReadHolder]Empty row!
[WARN][2020-05-09 17:47:06,486][com.alibaba.excel.read.metadata.holder.AbstractReadHolder]Empty row!
[DEBUG][2020-05-09 17:48:51,573][com.alibaba.excel.metadata.property.ExcelHeadProperty]The initialization sheet/table 'ExcelHeadProperty' is complete , head kind is CLASS
[DEBUG][2020-05-09 17:48:51,818][com.alibaba.excel.context.AnalysisContextImpl]Initialization 'AnalysisContextImpl' complete
[DEBUG][2020-05-09 17:48:52,311][com.alibaba.excel.cache.selector.SimpleReadCacheSelector]Use map cache.size:5648
[DEBUG][2020-05-09 17:48:53,380][com.alibaba.excel.metadata.property.ExcelHeadProperty]The initialization sheet/table 'ExcelHeadProperty' is complete , head kind is CLASS
[DEBUG][2020-05-09 17:48:53,382][com.alibaba.excel.context.AnalysisContextImpl]Began to read：ReadSheetHolder{sheetNo=0, sheetName='Sheet1'} com.alibaba.excel.read.metadata.holder.ReadSheetHolder@6e47c79f
[WARN][2020-05-09 17:48:53,551][com.alibaba.excel.read.metadata.holder.AbstractReadHolder]Empty row!
[WARN][2020-05-09 17:48:53,552][com.alibaba.excel.read.metadata.holder.AbstractReadHolder]Empty row!
[WARN][2020-05-09 17:48:53,553][com.alibaba.excel.read.metadata.holder.AbstractReadHolder]Empty row!
[WARN][2020-05-09 17:48:53,553][com.alibaba.excel.read.metadata.holder.AbstractReadHolder]Empty row!
[WARN][2020-05-09 17:48:53,554][com.alibaba.excel.read.metadata.holder.AbstractReadHolder]Empty row!
[WARN][2020-05-09 17:48:53,554][com.alibaba.excel.read.metadata.holder.AbstractReadHolder]Empty row!
[WARN][2020-05-09 17:48:53,554][com.alibaba.excel.read.metadata.holder.AbstractReadHolder]Empty row!
[WARN][2020-05-09 17:48:53,556][com.alibaba.excel.read.metadata.holder.AbstractReadHolder]Empty row!
[WARN][2020-05-09 17:48:53,556][com.alibaba.excel.read.metadata.holder.AbstractReadHolder]Empty row!
[WARN][2020-05-09 17:48:53,556][com.alibaba.excel.read.metadata.holder.AbstractReadHolder]Empty row!
[WARN][2020-05-09 17:48:53,557][com.alibaba.excel.read.metadata.holder.AbstractReadHolder]Empty row!
[WARN][2020-05-09 17:48:53,561][com.alibaba.excel.read.metadata.holder.AbstractReadHolder]Empty row!
[WARN][2020-05-09 17:48:53,561][com.alibaba.excel.read.metadata.holder.AbstractReadHolder]Empty row!
[WARN][2020-05-09 17:48:53,562][com.alibaba.excel.read.metadata.holder.AbstractReadHolder]Empty row!
[WARN][2020-05-09 17:48:53,563][com.alibaba.excel.read.metadata.holder.AbstractReadHolder]Empty row!
[WARN][2020-05-09 17:48:53,563][com.alibaba.excel.read.metadata.holder.AbstractReadHolder]Empty row!
[WARN][2020-05-09 17:48:53,564][com.alibaba.excel.read.metadata.holder.AbstractReadHolder]Empty row!
[WARN][2020-05-09 17:48:53,568][com.alibaba.excel.read.metadata.holder.AbstractReadHolder]Empty row!
[WARN][2020-05-09 17:48:53,569][com.alibaba.excel.read.metadata.holder.AbstractReadHolder]Empty row!
[WARN][2020-05-09 17:48:53,569][com.alibaba.excel.read.metadata.holder.AbstractReadHolder]Empty row!
[WARN][2020-05-09 17:48:53,570][com.alibaba.excel.read.metadata.holder.AbstractReadHolder]Empty row!
[WARN][2020-05-09 17:48:53,570][com.alibaba.excel.read.metadata.holder.AbstractReadHolder]Empty row!
[WARN][2020-05-09 17:48:53,571][com.alibaba.excel.read.metadata.holder.AbstractReadHolder]Empty row!
[WARN][2020-05-09 17:48:53,571][com.alibaba.excel.read.metadata.holder.AbstractReadHolder]Empty row!
[WARN][2020-05-09 17:48:53,572][com.alibaba.excel.read.metadata.holder.AbstractReadHolder]Empty row!
[WARN][2020-05-09 17:48:53,572][com.alibaba.excel.read.metadata.holder.AbstractReadHolder]Empty row!
[WARN][2020-05-09 17:48:53,572][com.alibaba.excel.read.metadata.holder.AbstractReadHolder]Empty row!
[WARN][2020-05-09 17:48:53,573][com.alibaba.excel.read.metadata.holder.AbstractReadHolder]Empty row!
[WARN][2020-05-09 17:48:53,573][com.alibaba.excel.read.metadata.holder.AbstractReadHolder]Empty row!
[WARN][2020-05-09 17:48:53,573][com.alibaba.excel.read.metadata.holder.AbstractReadHolder]Empty row!
[WARN][2020-05-09 17:48:53,575][com.alibaba.excel.read.metadata.holder.AbstractReadHolder]Empty row!
[WARN][2020-05-09 17:48:53,576][com.alibaba.excel.read.metadata.holder.AbstractReadHolder]Empty row!
[WARN][2020-05-09 17:48:53,576][com.alibaba.excel.read.metadata.holder.AbstractReadHolder]Empty row!
[WARN][2020-05-09 17:48:53,576][com.alibaba.excel.read.metadata.holder.AbstractReadHolder]Empty row!
[WARN][2020-05-09 17:48:53,577][com.alibaba.excel.read.metadata.holder.AbstractReadHolder]Empty row!
[WARN][2020-05-09 17:48:53,577][com.alibaba.excel.read.metadata.holder.AbstractReadHolder]Empty row!
[WARN][2020-05-09 17:48:53,577][com.alibaba.excel.read.metadata.holder.AbstractReadHolder]Empty row!
[WARN][2020-05-09 17:48:53,578][com.alibaba.excel.read.metadata.holder.AbstractReadHolder]Empty row!
[WARN][2020-05-09 17:48:53,578][com.alibaba.excel.read.metadata.holder.AbstractReadHolder]Empty row!
[WARN][2020-05-09 17:48:53,578][com.alibaba.excel.read.metadata.holder.AbstractReadHolder]Empty row!
[WARN][2020-05-09 17:48:53,579][com.alibaba.excel.read.metadata.holder.AbstractReadHolder]Empty row!
[WARN][2020-05-09 17:48:53,580][com.alibaba.excel.read.metadata.holder.AbstractReadHolder]Empty row!
[WARN][2020-05-09 17:48:53,580][com.alibaba.excel.read.metadata.holder.AbstractReadHolder]Empty row!
[WARN][2020-05-09 17:48:53,580][com.alibaba.excel.read.metadata.holder.AbstractReadHolder]Empty row!
[WARN][2020-05-09 17:48:53,581][com.alibaba.excel.read.metadata.holder.AbstractReadHolder]Empty row!
[WARN][2020-05-09 17:48:53,582][com.alibaba.excel.read.metadata.holder.AbstractReadHolder]Empty row!
[WARN][2020-05-09 17:48:53,597][com.alibaba.excel.read.metadata.holder.AbstractReadHolder]Empty row!
[WARN][2020-05-09 17:48:53,597][com.alibaba.excel.read.metadata.holder.AbstractReadHolder]Empty row!
[WARN][2020-05-09 17:48:53,598][com.alibaba.excel.read.metadata.holder.AbstractReadHolder]Empty row!
[WARN][2020-05-09 17:48:53,598][com.alibaba.excel.read.metadata.holder.AbstractReadHolder]Empty row!
[WARN][2020-05-09 17:48:53,599][com.alibaba.excel.read.metadata.holder.AbstractReadHolder]Empty row!
[WARN][2020-05-09 17:48:53,600][com.alibaba.excel.read.metadata.holder.AbstractReadHolder]Empty row!
[WARN][2020-05-09 17:48:53,600][com.alibaba.excel.read.metadata.holder.AbstractReadHolder]Empty row!
[WARN][2020-05-09 17:48:53,600][com.alibaba.excel.read.metadata.holder.AbstractReadHolder]Empty row!
[WARN][2020-05-09 17:48:53,601][com.alibaba.excel.read.metadata.holder.AbstractReadHolder]Empty row!
[WARN][2020-05-09 17:48:53,601][com.alibaba.excel.read.metadata.holder.AbstractReadHolder]Empty row!
[WARN][2020-05-09 17:48:53,601][com.alibaba.excel.read.metadata.holder.AbstractReadHolder]Empty row!
[WARN][2020-05-09 17:48:53,601][com.alibaba.excel.read.metadata.holder.AbstractReadHolder]Empty row!
[WARN][2020-05-09 17:48:53,601][com.alibaba.excel.read.metadata.holder.AbstractReadHolder]Empty row!
[WARN][2020-05-09 17:48:53,602][com.alibaba.excel.read.metadata.holder.AbstractReadHolder]Empty row!
[WARN][2020-05-09 17:48:53,602][com.alibaba.excel.read.metadata.holder.AbstractReadHolder]Empty row!
[WARN][2020-05-09 17:48:53,602][com.alibaba.excel.read.metadata.holder.AbstractReadHolder]Empty row!
[WARN][2020-05-09 17:48:53,602][com.alibaba.excel.read.metadata.holder.AbstractReadHolder]Empty row!
[WARN][2020-05-09 17:48:53,602][com.alibaba.excel.read.metadata.holder.AbstractReadHolder]Empty row!
[WARN][2020-05-09 17:48:53,604][com.alibaba.excel.read.metadata.holder.AbstractReadHolder]Empty row!
[WARN][2020-05-09 17:48:53,604][com.alibaba.excel.read.metadata.holder.AbstractReadHolder]Empty row!
[WARN][2020-05-09 17:48:53,604][com.alibaba.excel.read.metadata.holder.AbstractReadHolder]Empty row!
[WARN][2020-05-09 17:48:53,604][com.alibaba.excel.read.metadata.holder.AbstractReadHolder]Empty row!
[WARN][2020-05-09 17:48:53,604][com.alibaba.excel.read.metadata.holder.AbstractReadHolder]Empty row!
[WARN][2020-05-09 17:48:53,604][com.alibaba.excel.read.metadata.holder.AbstractReadHolder]Empty row!
[WARN][2020-05-09 17:48:53,606][com.alibaba.excel.read.metadata.holder.AbstractReadHolder]Empty row!
[WARN][2020-05-09 17:48:53,606][com.alibaba.excel.read.metadata.holder.AbstractReadHolder]Empty row!
[WARN][2020-05-09 17:48:53,606][com.alibaba.excel.read.metadata.holder.AbstractReadHolder]Empty row!
[WARN][2020-05-09 17:48:53,606][com.alibaba.excel.read.metadata.holder.AbstractReadHolder]Empty row!
[WARN][2020-05-09 17:48:53,606][com.alibaba.excel.read.metadata.holder.AbstractReadHolder]Empty row!
[WARN][2020-05-09 17:48:53,606][com.alibaba.excel.read.metadata.holder.AbstractReadHolder]Empty row!
[WARN][2020-05-09 17:48:53,606][com.alibaba.excel.read.metadata.holder.AbstractReadHolder]Empty row!
[WARN][2020-05-09 17:48:53,607][com.alibaba.excel.read.metadata.holder.AbstractReadHolder]Empty row!
[WARN][2020-05-09 17:48:53,607][com.alibaba.excel.read.metadata.holder.AbstractReadHolder]Empty row!
[WARN][2020-05-09 17:48:53,607][com.alibaba.excel.read.metadata.holder.AbstractReadHolder]Empty row!
[WARN][2020-05-09 17:48:53,607][com.alibaba.excel.read.metadata.holder.AbstractReadHolder]Empty row!
[WARN][2020-05-09 17:48:53,608][com.alibaba.excel.read.metadata.holder.AbstractReadHolder]Empty row!
[WARN][2020-05-09 17:48:53,608][com.alibaba.excel.read.metadata.holder.AbstractReadHolder]Empty row!
[WARN][2020-05-09 17:48:53,608][com.alibaba.excel.read.metadata.holder.AbstractReadHolder]Empty row!
[WARN][2020-05-09 17:48:53,610][com.alibaba.excel.read.metadata.holder.AbstractReadHolder]Empty row!
[WARN][2020-05-09 17:48:53,610][com.alibaba.excel.read.metadata.holder.AbstractReadHolder]Empty row!
[WARN][2020-05-09 17:48:53,611][com.alibaba.excel.read.metadata.holder.AbstractReadHolder]Empty row!
[WARN][2020-05-09 17:48:53,611][com.alibaba.excel.read.metadata.holder.AbstractReadHolder]Empty row!
[WARN][2020-05-09 17:48:53,618][com.alibaba.excel.read.metadata.holder.AbstractReadHolder]Empty row!
[WARN][2020-05-09 17:48:53,618][com.alibaba.excel.read.metadata.holder.AbstractReadHolder]Empty row!
[WARN][2020-05-09 17:48:53,620][com.alibaba.excel.read.metadata.holder.AbstractReadHolder]Empty row!
[WARN][2020-05-09 17:48:53,620][com.alibaba.excel.read.metadata.holder.AbstractReadHolder]Empty row!
[WARN][2020-05-09 17:48:53,622][com.alibaba.excel.read.metadata.holder.AbstractReadHolder]Empty row!
[WARN][2020-05-09 17:48:53,622][com.alibaba.excel.read.metadata.holder.AbstractReadHolder]Empty row!
[WARN][2020-05-09 17:48:53,623][com.alibaba.excel.read.metadata.holder.AbstractReadHolder]Empty row!
[WARN][2020-05-09 17:48:53,623][com.alibaba.excel.read.metadata.holder.AbstractReadHolder]Empty row!
[WARN][2020-05-09 17:48:53,623][com.alibaba.excel.read.metadata.holder.AbstractReadHolder]Empty row!
[WARN][2020-05-09 17:48:53,624][com.alibaba.excel.read.metadata.holder.AbstractReadHolder]Empty row!
[WARN][2020-05-09 17:48:53,625][com.alibaba.excel.read.metadata.holder.AbstractReadHolder]Empty row!
[WARN][2020-05-09 17:48:53,625][com.alibaba.excel.read.metadata.holder.AbstractReadHolder]Empty row!
[WARN][2020-05-09 17:48:53,631][com.alibaba.excel.read.metadata.holder.AbstractReadHolder]Empty row!
[WARN][2020-05-09 17:48:53,632][com.alibaba.excel.read.metadata.holder.AbstractReadHolder]Empty row!
[WARN][2020-05-09 17:48:53,632][com.alibaba.excel.read.metadata.holder.AbstractReadHolder]Empty row!
[WARN][2020-05-09 17:48:53,634][com.alibaba.excel.read.metadata.holder.AbstractReadHolder]Empty row!
[WARN][2020-05-09 17:48:53,634][com.alibaba.excel.read.metadata.holder.AbstractReadHolder]Empty row!
[WARN][2020-05-09 17:48:53,635][com.alibaba.excel.read.metadata.holder.AbstractReadHolder]Empty row!
[WARN][2020-05-09 17:48:53,643][com.alibaba.excel.read.metadata.holder.AbstractReadHolder]Empty row!
[WARN][2020-05-09 17:48:53,644][com.alibaba.excel.read.metadata.holder.AbstractReadHolder]Empty row!
[WARN][2020-05-09 17:48:53,644][com.alibaba.excel.read.metadata.holder.AbstractReadHolder]Empty row!
[WARN][2020-05-09 17:48:53,644][com.alibaba.excel.read.metadata.holder.AbstractReadHolder]Empty row!
[WARN][2020-05-09 17:48:53,646][com.alibaba.excel.read.metadata.holder.AbstractReadHolder]Empty row!
[WARN][2020-05-09 17:48:53,648][com.alibaba.excel.read.metadata.holder.AbstractReadHolder]Empty row!
[WARN][2020-05-09 17:48:53,651][com.alibaba.excel.read.metadata.holder.AbstractReadHolder]Empty row!
[WARN][2020-05-09 17:48:53,651][com.alibaba.excel.read.metadata.holder.AbstractReadHolder]Empty row!
[WARN][2020-05-09 17:48:53,652][com.alibaba.excel.read.metadata.holder.AbstractReadHolder]Empty row!
[WARN][2020-05-09 17:48:53,652][com.alibaba.excel.read.metadata.holder.AbstractReadHolder]Empty row!
[WARN][2020-05-09 17:48:53,653][com.alibaba.excel.read.metadata.holder.AbstractReadHolder]Empty row!
[WARN][2020-05-09 17:48:53,653][com.alibaba.excel.read.metadata.holder.AbstractReadHolder]Empty row!
[WARN][2020-05-09 17:48:53,654][com.alibaba.excel.read.metadata.holder.AbstractReadHolder]Empty row!
[WARN][2020-05-09 17:48:53,654][com.alibaba.excel.read.metadata.holder.AbstractReadHolder]Empty row!
[WARN][2020-05-09 17:48:53,657][com.alibaba.excel.read.metadata.holder.AbstractReadHolder]Empty row!
[WARN][2020-05-09 17:48:53,659][com.alibaba.excel.read.metadata.holder.AbstractReadHolder]Empty row!
[WARN][2020-05-09 17:48:53,659][com.alibaba.excel.read.metadata.holder.AbstractReadHolder]Empty row!
[WARN][2020-05-09 17:48:53,660][com.alibaba.excel.read.metadata.holder.AbstractReadHolder]Empty row!
[WARN][2020-05-09 17:48:53,661][com.alibaba.excel.read.metadata.holder.AbstractReadHolder]Empty row!
[WARN][2020-05-09 17:48:53,663][com.alibaba.excel.read.metadata.holder.AbstractReadHolder]Empty row!
[WARN][2020-05-09 17:48:53,665][com.alibaba.excel.read.metadata.holder.AbstractReadHolder]Empty row!
[WARN][2020-05-09 17:48:53,669][com.alibaba.excel.read.metadata.holder.AbstractReadHolder]Empty row!
[WARN][2020-05-09 17:48:53,685][com.alibaba.excel.read.metadata.holder.AbstractReadHolder]Empty row!
[WARN][2020-05-09 17:48:53,685][com.alibaba.excel.read.metadata.holder.AbstractReadHolder]Empty row!
[WARN][2020-05-09 17:48:53,685][com.alibaba.excel.read.metadata.holder.AbstractReadHolder]Empty row!
[WARN][2020-05-09 17:48:53,690][com.alibaba.excel.read.metadata.holder.AbstractReadHolder]Empty row!
[WARN][2020-05-09 17:48:53,691][com.alibaba.excel.read.metadata.holder.AbstractReadHolder]Empty row!
[WARN][2020-05-09 17:48:53,691][com.alibaba.excel.read.metadata.holder.AbstractReadHolder]Empty row!
[WARN][2020-05-09 17:48:53,691][com.alibaba.excel.read.metadata.holder.AbstractReadHolder]Empty row!
[WARN][2020-05-09 17:48:53,691][com.alibaba.excel.read.metadata.holder.AbstractReadHolder]Empty row!
[WARN][2020-05-09 17:48:53,691][com.alibaba.excel.read.metadata.holder.AbstractReadHolder]Empty row!
[WARN][2020-05-09 17:48:53,691][com.alibaba.excel.read.metadata.holder.AbstractReadHolder]Empty row!
[WARN][2020-05-09 17:48:53,692][com.alibaba.excel.read.metadata.holder.AbstractReadHolder]Empty row!
[WARN][2020-05-09 17:48:53,693][com.alibaba.excel.read.metadata.holder.AbstractReadHolder]Empty row!
[WARN][2020-05-09 17:48:53,693][com.alibaba.excel.read.metadata.holder.AbstractReadHolder]Empty row!
[WARN][2020-05-09 17:48:53,693][com.alibaba.excel.read.metadata.holder.AbstractReadHolder]Empty row!
[WARN][2020-05-09 17:48:53,694][com.alibaba.excel.read.metadata.holder.AbstractReadHolder]Empty row!
[WARN][2020-05-09 17:48:53,694][com.alibaba.excel.read.metadata.holder.AbstractReadHolder]Empty row!
[WARN][2020-05-09 17:48:53,694][com.alibaba.excel.read.metadata.holder.AbstractReadHolder]Empty row!
[WARN][2020-05-09 17:48:53,695][com.alibaba.excel.read.metadata.holder.AbstractReadHolder]Empty row!
[WARN][2020-05-09 17:48:53,695][com.alibaba.excel.read.metadata.holder.AbstractReadHolder]Empty row!
[WARN][2020-05-09 17:48:53,696][com.alibaba.excel.read.metadata.holder.AbstractReadHolder]Empty row!
[WARN][2020-05-09 17:48:53,697][com.alibaba.excel.read.metadata.holder.AbstractReadHolder]Empty row!
[WARN][2020-05-09 17:48:53,697][com.alibaba.excel.read.metadata.holder.AbstractReadHolder]Empty row!
[WARN][2020-05-09 17:48:53,697][com.alibaba.excel.read.metadata.holder.AbstractReadHolder]Empty row!
[WARN][2020-05-09 17:48:53,699][com.alibaba.excel.read.metadata.holder.AbstractReadHolder]Empty row!
[WARN][2020-05-09 17:48:53,699][com.alibaba.excel.read.metadata.holder.AbstractReadHolder]Empty row!
[WARN][2020-05-09 17:48:53,699][com.alibaba.excel.read.metadata.holder.AbstractReadHolder]Empty row!
[WARN][2020-05-09 17:48:53,700][com.alibaba.excel.read.metadata.holder.AbstractReadHolder]Empty row!
[WARN][2020-05-09 17:48:53,700][com.alibaba.excel.read.metadata.holder.AbstractReadHolder]Empty row!
[WARN][2020-05-09 17:48:53,702][com.alibaba.excel.read.metadata.holder.AbstractReadHolder]Empty row!
[WARN][2020-05-09 17:48:53,703][com.alibaba.excel.read.metadata.holder.AbstractReadHolder]Empty row!
[WARN][2020-05-09 17:48:53,703][com.alibaba.excel.read.metadata.holder.AbstractReadHolder]Empty row!
[WARN][2020-05-09 17:48:53,703][com.alibaba.excel.read.metadata.holder.AbstractReadHolder]Empty row!
[WARN][2020-05-09 17:48:53,710][com.alibaba.excel.read.metadata.holder.AbstractReadHolder]Empty row!
[WARN][2020-05-09 17:48:53,712][com.alibaba.excel.read.metadata.holder.AbstractReadHolder]Empty row!
[WARN][2020-05-09 17:48:53,712][com.alibaba.excel.read.metadata.holder.AbstractReadHolder]Empty row!
[WARN][2020-05-09 17:48:53,713][com.alibaba.excel.read.metadata.holder.AbstractReadHolder]Empty row!
[WARN][2020-05-09 17:48:53,713][com.alibaba.excel.read.metadata.holder.AbstractReadHolder]Empty row!
[WARN][2020-05-09 17:48:53,713][com.alibaba.excel.read.metadata.holder.AbstractReadHolder]Empty row!
[WARN][2020-05-09 17:48:53,716][com.alibaba.excel.read.metadata.holder.AbstractReadHolder]Empty row!
[WARN][2020-05-09 17:48:53,717][com.alibaba.excel.read.metadata.holder.AbstractReadHolder]Empty row!
[DEBUG][2020-05-09 17:50:23,631][com.alibaba.excel.metadata.property.ExcelHeadProperty]The initialization sheet/table 'ExcelHeadProperty' is complete , head kind is CLASS
[DEBUG][2020-05-09 17:50:23,845][com.alibaba.excel.context.AnalysisContextImpl]Initialization 'AnalysisContextImpl' complete
[DEBUG][2020-05-09 17:50:24,396][com.alibaba.excel.cache.selector.SimpleReadCacheSelector]Use map cache.size:5648
[DEBUG][2020-05-09 17:50:25,654][com.alibaba.excel.metadata.property.ExcelHeadProperty]The initialization sheet/table 'ExcelHeadProperty' is complete , head kind is CLASS
[DEBUG][2020-05-09 17:50:25,655][com.alibaba.excel.context.AnalysisContextImpl]Began to read：ReadSheetHolder{sheetNo=0, sheetName='Sheet1'} com.alibaba.excel.read.metadata.holder.ReadSheetHolder@56d70c84
[WARN][2020-05-09 17:50:25,914][com.alibaba.excel.read.metadata.holder.AbstractReadHolder]Empty row!
[WARN][2020-05-09 17:50:25,914][com.alibaba.excel.read.metadata.holder.AbstractReadHolder]Empty row!
[WARN][2020-05-09 17:50:25,915][com.alibaba.excel.read.metadata.holder.AbstractReadHolder]Empty row!
[WARN][2020-05-09 17:50:25,915][com.alibaba.excel.read.metadata.holder.AbstractReadHolder]Empty row!
[WARN][2020-05-09 17:50:25,916][com.alibaba.excel.read.metadata.holder.AbstractReadHolder]Empty row!
[WARN][2020-05-09 17:50:25,916][com.alibaba.excel.read.metadata.holder.AbstractReadHolder]Empty row!
[WARN][2020-05-09 17:50:25,917][com.alibaba.excel.read.metadata.holder.AbstractReadHolder]Empty row!
[WARN][2020-05-09 17:50:25,917][com.alibaba.excel.read.metadata.holder.AbstractReadHolder]Empty row!
[WARN][2020-05-09 17:50:25,918][com.alibaba.excel.read.metadata.holder.AbstractReadHolder]Empty row!
[WARN][2020-05-09 17:50:25,918][com.alibaba.excel.read.metadata.holder.AbstractReadHolder]Empty row!
[WARN][2020-05-09 17:50:25,918][com.alibaba.excel.read.metadata.holder.AbstractReadHolder]Empty row!
[WARN][2020-05-09 17:50:25,921][com.alibaba.excel.read.metadata.holder.AbstractReadHolder]Empty row!
[WARN][2020-05-09 17:50:25,921][com.alibaba.excel.read.metadata.holder.AbstractReadHolder]Empty row!
[WARN][2020-05-09 17:50:25,924][com.alibaba.excel.read.metadata.holder.AbstractReadHolder]Empty row!
[WARN][2020-05-09 17:50:25,924][com.alibaba.excel.read.metadata.holder.AbstractReadHolder]Empty row!
[WARN][2020-05-09 17:50:25,925][com.alibaba.excel.read.metadata.holder.AbstractReadHolder]Empty row!
[WARN][2020-05-09 17:50:25,925][com.alibaba.excel.read.metadata.holder.AbstractReadHolder]Empty row!
[WARN][2020-05-09 17:50:25,925][com.alibaba.excel.read.metadata.holder.AbstractReadHolder]Empty row!
[WARN][2020-05-09 17:50:25,926][com.alibaba.excel.read.metadata.holder.AbstractReadHolder]Empty row!
[WARN][2020-05-09 17:50:25,927][com.alibaba.excel.read.metadata.holder.AbstractReadHolder]Empty row!
[WARN][2020-05-09 17:50:25,928][com.alibaba.excel.read.metadata.holder.AbstractReadHolder]Empty row!
[WARN][2020-05-09 17:50:25,929][com.alibaba.excel.read.metadata.holder.AbstractReadHolder]Empty row!
[WARN][2020-05-09 17:50:25,929][com.alibaba.excel.read.metadata.holder.AbstractReadHolder]Empty row!
[WARN][2020-05-09 17:50:25,930][com.alibaba.excel.read.metadata.holder.AbstractReadHolder]Empty row!
[WARN][2020-05-09 17:50:25,930][com.alibaba.excel.read.metadata.holder.AbstractReadHolder]Empty row!
[WARN][2020-05-09 17:50:25,931][com.alibaba.excel.read.metadata.holder.AbstractReadHolder]Empty row!
[WARN][2020-05-09 17:50:25,931][com.alibaba.excel.read.metadata.holder.AbstractReadHolder]Empty row!
[WARN][2020-05-09 17:50:25,932][com.alibaba.excel.read.metadata.holder.AbstractReadHolder]Empty row!
[WARN][2020-05-09 17:50:25,932][com.alibaba.excel.read.metadata.holder.AbstractReadHolder]Empty row!
[WARN][2020-05-09 17:50:25,933][com.alibaba.excel.read.metadata.holder.AbstractReadHolder]Empty row!
[WARN][2020-05-09 17:50:25,940][com.alibaba.excel.read.metadata.holder.AbstractReadHolder]Empty row!
[WARN][2020-05-09 17:50:25,941][com.alibaba.excel.read.metadata.holder.AbstractReadHolder]Empty row!
[WARN][2020-05-09 17:50:25,942][com.alibaba.excel.read.metadata.holder.AbstractReadHolder]Empty row!
[WARN][2020-05-09 17:50:25,943][com.alibaba.excel.read.metadata.holder.AbstractReadHolder]Empty row!
[WARN][2020-05-09 17:50:25,943][com.alibaba.excel.read.metadata.holder.AbstractReadHolder]Empty row!
[WARN][2020-05-09 17:50:25,945][com.alibaba.excel.read.metadata.holder.AbstractReadHolder]Empty row!
[WARN][2020-05-09 17:50:25,945][com.alibaba.excel.read.metadata.holder.AbstractReadHolder]Empty row!
[WARN][2020-05-09 17:50:25,947][com.alibaba.excel.read.metadata.holder.AbstractReadHolder]Empty row!
[WARN][2020-05-09 17:50:25,947][com.alibaba.excel.read.metadata.holder.AbstractReadHolder]Empty row!
[WARN][2020-05-09 17:50:25,949][com.alibaba.excel.read.metadata.holder.AbstractReadHolder]Empty row!
[WARN][2020-05-09 17:50:25,949][com.alibaba.excel.read.metadata.holder.AbstractReadHolder]Empty row!
[WARN][2020-05-09 17:50:25,950][com.alibaba.excel.read.metadata.holder.AbstractReadHolder]Empty row!
[WARN][2020-05-09 17:50:25,950][com.alibaba.excel.read.metadata.holder.AbstractReadHolder]Empty row!
[WARN][2020-05-09 17:50:25,951][com.alibaba.excel.read.metadata.holder.AbstractReadHolder]Empty row!
[WARN][2020-05-09 17:50:25,951][com.alibaba.excel.read.metadata.holder.AbstractReadHolder]Empty row!
[WARN][2020-05-09 17:50:25,980][com.alibaba.excel.read.metadata.holder.AbstractReadHolder]Empty row!
[WARN][2020-05-09 17:50:25,980][com.alibaba.excel.read.metadata.holder.AbstractReadHolder]Empty row!
[WARN][2020-05-09 17:50:25,980][com.alibaba.excel.read.metadata.holder.AbstractReadHolder]Empty row!
[WARN][2020-05-09 17:50:25,981][com.alibaba.excel.read.metadata.holder.AbstractReadHolder]Empty row!
[WARN][2020-05-09 17:50:25,988][com.alibaba.excel.read.metadata.holder.AbstractReadHolder]Empty row!
[WARN][2020-05-09 17:50:25,988][com.alibaba.excel.read.metadata.holder.AbstractReadHolder]Empty row!
[WARN][2020-05-09 17:50:25,997][com.alibaba.excel.read.metadata.holder.AbstractReadHolder]Empty row!
[WARN][2020-05-09 17:50:25,997][com.alibaba.excel.read.metadata.holder.AbstractReadHolder]Empty row!
[WARN][2020-05-09 17:50:25,998][com.alibaba.excel.read.metadata.holder.AbstractReadHolder]Empty row!
[WARN][2020-05-09 17:50:25,999][com.alibaba.excel.read.metadata.holder.AbstractReadHolder]Empty row!
[WARN][2020-05-09 17:50:25,999][com.alibaba.excel.read.metadata.holder.AbstractReadHolder]Empty row!
[WARN][2020-05-09 17:50:25,999][com.alibaba.excel.read.metadata.holder.AbstractReadHolder]Empty row!
[WARN][2020-05-09 17:50:26,000][com.alibaba.excel.read.metadata.holder.AbstractReadHolder]Empty row!
[WARN][2020-05-09 17:50:26,000][com.alibaba.excel.read.metadata.holder.AbstractReadHolder]Empty row!
[WARN][2020-05-09 17:50:26,002][com.alibaba.excel.read.metadata.holder.AbstractReadHolder]Empty row!
[WARN][2020-05-09 17:50:26,002][com.alibaba.excel.read.metadata.holder.AbstractReadHolder]Empty row!
[WARN][2020-05-09 17:50:26,002][com.alibaba.excel.read.metadata.holder.AbstractReadHolder]Empty row!
[WARN][2020-05-09 17:50:26,003][com.alibaba.excel.read.metadata.holder.AbstractReadHolder]Empty row!
[WARN][2020-05-09 17:50:26,003][com.alibaba.excel.read.metadata.holder.AbstractReadHolder]Empty row!
[WARN][2020-05-09 17:50:26,003][com.alibaba.excel.read.metadata.holder.AbstractReadHolder]Empty row!
[WARN][2020-05-09 17:50:26,004][com.alibaba.excel.read.metadata.holder.AbstractReadHolder]Empty row!
[WARN][2020-05-09 17:50:26,004][com.alibaba.excel.read.metadata.holder.AbstractReadHolder]Empty row!
[WARN][2020-05-09 17:50:26,005][com.alibaba.excel.read.metadata.holder.AbstractReadHolder]Empty row!
[WARN][2020-05-09 17:50:26,006][com.alibaba.excel.read.metadata.holder.AbstractReadHolder]Empty row!
[WARN][2020-05-09 17:50:26,006][com.alibaba.excel.read.metadata.holder.AbstractReadHolder]Empty row!
[WARN][2020-05-09 17:50:26,006][com.alibaba.excel.read.metadata.holder.AbstractReadHolder]Empty row!
[WARN][2020-05-09 17:50:26,007][com.alibaba.excel.read.metadata.holder.AbstractReadHolder]Empty row!
[WARN][2020-05-09 17:50:26,008][com.alibaba.excel.read.metadata.holder.AbstractReadHolder]Empty row!
[WARN][2020-05-09 17:50:26,009][com.alibaba.excel.read.metadata.holder.AbstractReadHolder]Empty row!
[WARN][2020-05-09 17:50:26,009][com.alibaba.excel.read.metadata.holder.AbstractReadHolder]Empty row!
[WARN][2020-05-09 17:50:26,009][com.alibaba.excel.read.metadata.holder.AbstractReadHolder]Empty row!
[WARN][2020-05-09 17:50:26,010][com.alibaba.excel.read.metadata.holder.AbstractReadHolder]Empty row!
[WARN][2020-05-09 17:50:26,010][com.alibaba.excel.read.metadata.holder.AbstractReadHolder]Empty row!
[WARN][2020-05-09 17:50:26,010][com.alibaba.excel.read.metadata.holder.AbstractReadHolder]Empty row!
[WARN][2020-05-09 17:50:26,011][com.alibaba.excel.read.metadata.holder.AbstractReadHolder]Empty row!
[WARN][2020-05-09 17:50:26,011][com.alibaba.excel.read.metadata.holder.AbstractReadHolder]Empty row!
[WARN][2020-05-09 17:50:26,012][com.alibaba.excel.read.metadata.holder.AbstractReadHolder]Empty row!
[WARN][2020-05-09 17:50:26,012][com.alibaba.excel.read.metadata.holder.AbstractReadHolder]Empty row!
[WARN][2020-05-09 17:50:26,014][com.alibaba.excel.read.metadata.holder.AbstractReadHolder]Empty row!
[WARN][2020-05-09 17:50:26,015][com.alibaba.excel.read.metadata.holder.AbstractReadHolder]Empty row!
[WARN][2020-05-09 17:50:26,015][com.alibaba.excel.read.metadata.holder.AbstractReadHolder]Empty row!
[WARN][2020-05-09 17:50:26,054][com.alibaba.excel.read.metadata.holder.AbstractReadHolder]Empty row!
[WARN][2020-05-09 17:50:26,054][com.alibaba.excel.read.metadata.holder.AbstractReadHolder]Empty row!
[WARN][2020-05-09 17:50:26,056][com.alibaba.excel.read.metadata.holder.AbstractReadHolder]Empty row!
[WARN][2020-05-09 17:50:26,057][com.alibaba.excel.read.metadata.holder.AbstractReadHolder]Empty row!
[WARN][2020-05-09 17:50:26,058][com.alibaba.excel.read.metadata.holder.AbstractReadHolder]Empty row!
[WARN][2020-05-09 17:50:26,061][com.alibaba.excel.read.metadata.holder.AbstractReadHolder]Empty row!
[WARN][2020-05-09 17:50:26,063][com.alibaba.excel.read.metadata.holder.AbstractReadHolder]Empty row!
[WARN][2020-05-09 17:50:26,063][com.alibaba.excel.read.metadata.holder.AbstractReadHolder]Empty row!
[WARN][2020-05-09 17:50:26,063][com.alibaba.excel.read.metadata.holder.AbstractReadHolder]Empty row!
[WARN][2020-05-09 17:50:26,064][com.alibaba.excel.read.metadata.holder.AbstractReadHolder]Empty row!
[WARN][2020-05-09 17:50:26,064][com.alibaba.excel.read.metadata.holder.AbstractReadHolder]Empty row!
[WARN][2020-05-09 17:50:26,064][com.alibaba.excel.read.metadata.holder.AbstractReadHolder]Empty row!
[WARN][2020-05-09 17:50:26,065][com.alibaba.excel.read.metadata.holder.AbstractReadHolder]Empty row!
[WARN][2020-05-09 17:50:26,065][com.alibaba.excel.read.metadata.holder.AbstractReadHolder]Empty row!
[WARN][2020-05-09 17:50:26,066][com.alibaba.excel.read.metadata.holder.AbstractReadHolder]Empty row!
[WARN][2020-05-09 17:50:26,067][com.alibaba.excel.read.metadata.holder.AbstractReadHolder]Empty row!
[WARN][2020-05-09 17:50:26,067][com.alibaba.excel.read.metadata.holder.AbstractReadHolder]Empty row!
[WARN][2020-05-09 17:50:26,067][com.alibaba.excel.read.metadata.holder.AbstractReadHolder]Empty row!
[WARN][2020-05-09 17:50:26,068][com.alibaba.excel.read.metadata.holder.AbstractReadHolder]Empty row!
[WARN][2020-05-09 17:50:26,068][com.alibaba.excel.read.metadata.holder.AbstractReadHolder]Empty row!
[WARN][2020-05-09 17:50:26,068][com.alibaba.excel.read.metadata.holder.AbstractReadHolder]Empty row!
[WARN][2020-05-09 17:50:26,069][com.alibaba.excel.read.metadata.holder.AbstractReadHolder]Empty row!
[WARN][2020-05-09 17:50:26,069][com.alibaba.excel.read.metadata.holder.AbstractReadHolder]Empty row!
[WARN][2020-05-09 17:50:26,069][com.alibaba.excel.read.metadata.holder.AbstractReadHolder]Empty row!
[WARN][2020-05-09 17:50:26,101][com.alibaba.excel.read.metadata.holder.AbstractReadHolder]Empty row!
[WARN][2020-05-09 17:50:26,102][com.alibaba.excel.read.metadata.holder.AbstractReadHolder]Empty row!
[WARN][2020-05-09 17:50:26,102][com.alibaba.excel.read.metadata.holder.AbstractReadHolder]Empty row!
[WARN][2020-05-09 17:50:26,103][com.alibaba.excel.read.metadata.holder.AbstractReadHolder]Empty row!
[WARN][2020-05-09 17:50:26,104][com.alibaba.excel.read.metadata.holder.AbstractReadHolder]Empty row!
[WARN][2020-05-09 17:50:26,104][com.alibaba.excel.read.metadata.holder.AbstractReadHolder]Empty row!
[WARN][2020-05-09 17:50:26,105][com.alibaba.excel.read.metadata.holder.AbstractReadHolder]Empty row!
[WARN][2020-05-09 17:50:26,106][com.alibaba.excel.read.metadata.holder.AbstractReadHolder]Empty row!
[WARN][2020-05-09 17:50:26,107][com.alibaba.excel.read.metadata.holder.AbstractReadHolder]Empty row!
[WARN][2020-05-09 17:50:26,109][com.alibaba.excel.read.metadata.holder.AbstractReadHolder]Empty row!
[WARN][2020-05-09 17:50:26,110][com.alibaba.excel.read.metadata.holder.AbstractReadHolder]Empty row!
[WARN][2020-05-09 17:50:26,111][com.alibaba.excel.read.metadata.holder.AbstractReadHolder]Empty row!
[WARN][2020-05-09 17:50:26,111][com.alibaba.excel.read.metadata.holder.AbstractReadHolder]Empty row!
[WARN][2020-05-09 17:50:26,112][com.alibaba.excel.read.metadata.holder.AbstractReadHolder]Empty row!
[WARN][2020-05-09 17:50:26,112][com.alibaba.excel.read.metadata.holder.AbstractReadHolder]Empty row!
[WARN][2020-05-09 17:50:26,113][com.alibaba.excel.read.metadata.holder.AbstractReadHolder]Empty row!
[WARN][2020-05-09 17:50:26,113][com.alibaba.excel.read.metadata.holder.AbstractReadHolder]Empty row!
[WARN][2020-05-09 17:50:26,114][com.alibaba.excel.read.metadata.holder.AbstractReadHolder]Empty row!
[WARN][2020-05-09 17:50:26,114][com.alibaba.excel.read.metadata.holder.AbstractReadHolder]Empty row!
[WARN][2020-05-09 17:50:26,114][com.alibaba.excel.read.metadata.holder.AbstractReadHolder]Empty row!
[WARN][2020-05-09 17:50:26,115][com.alibaba.excel.read.metadata.holder.AbstractReadHolder]Empty row!
[WARN][2020-05-09 17:50:26,115][com.alibaba.excel.read.metadata.holder.AbstractReadHolder]Empty row!
[WARN][2020-05-09 17:50:26,116][com.alibaba.excel.read.metadata.holder.AbstractReadHolder]Empty row!
[WARN][2020-05-09 17:50:26,117][com.alibaba.excel.read.metadata.holder.AbstractReadHolder]Empty row!
[WARN][2020-05-09 17:50:26,118][com.alibaba.excel.read.metadata.holder.AbstractReadHolder]Empty row!
[WARN][2020-05-09 17:50:26,118][com.alibaba.excel.read.metadata.holder.AbstractReadHolder]Empty row!
[WARN][2020-05-09 17:50:26,118][com.alibaba.excel.read.metadata.holder.AbstractReadHolder]Empty row!
[WARN][2020-05-09 17:50:26,118][com.alibaba.excel.read.metadata.holder.AbstractReadHolder]Empty row!
[WARN][2020-05-09 17:50:26,118][com.alibaba.excel.read.metadata.holder.AbstractReadHolder]Empty row!
[WARN][2020-05-09 17:50:26,119][com.alibaba.excel.read.metadata.holder.AbstractReadHolder]Empty row!
[WARN][2020-05-09 17:50:26,119][com.alibaba.excel.read.metadata.holder.AbstractReadHolder]Empty row!
[WARN][2020-05-09 17:50:26,119][com.alibaba.excel.read.metadata.holder.AbstractReadHolder]Empty row!
[WARN][2020-05-09 17:50:26,119][com.alibaba.excel.read.metadata.holder.AbstractReadHolder]Empty row!
[WARN][2020-05-09 17:50:26,120][com.alibaba.excel.read.metadata.holder.AbstractReadHolder]Empty row!
[WARN][2020-05-09 17:50:26,120][com.alibaba.excel.read.metadata.holder.AbstractReadHolder]Empty row!
[WARN][2020-05-09 17:50:26,120][com.alibaba.excel.read.metadata.holder.AbstractReadHolder]Empty row!
[WARN][2020-05-09 17:50:26,122][com.alibaba.excel.read.metadata.holder.AbstractReadHolder]Empty row!
[WARN][2020-05-09 17:50:26,123][com.alibaba.excel.read.metadata.holder.AbstractReadHolder]Empty row!
[WARN][2020-05-09 17:50:26,125][com.alibaba.excel.read.metadata.holder.AbstractReadHolder]Empty row!
[WARN][2020-05-09 17:50:26,126][com.alibaba.excel.read.metadata.holder.AbstractReadHolder]Empty row!
[WARN][2020-05-09 17:50:26,127][com.alibaba.excel.read.metadata.holder.AbstractReadHolder]Empty row!
[WARN][2020-05-09 17:50:26,128][com.alibaba.excel.read.metadata.holder.AbstractReadHolder]Empty row!
[WARN][2020-05-09 17:50:26,128][com.alibaba.excel.read.metadata.holder.AbstractReadHolder]Empty row!
[WARN][2020-05-09 17:50:26,129][com.alibaba.excel.read.metadata.holder.AbstractReadHolder]Empty row!
[WARN][2020-05-09 17:50:26,129][com.alibaba.excel.read.metadata.holder.AbstractReadHolder]Empty row!
[WARN][2020-05-09 17:50:26,129][com.alibaba.excel.read.metadata.holder.AbstractReadHolder]Empty row!
[WARN][2020-05-09 17:50:26,130][com.alibaba.excel.read.metadata.holder.AbstractReadHolder]Empty row!
[WARN][2020-05-09 17:50:26,133][com.alibaba.excel.read.metadata.holder.AbstractReadHolder]Empty row!
[WARN][2020-05-09 17:50:26,134][com.alibaba.excel.read.metadata.holder.AbstractReadHolder]Empty row!
[WARN][2020-05-09 17:50:26,134][com.alibaba.excel.read.metadata.holder.AbstractReadHolder]Empty row!
[WARN][2020-05-09 17:50:26,135][com.alibaba.excel.read.metadata.holder.AbstractReadHolder]Empty row!
[WARN][2020-05-09 17:50:26,136][com.alibaba.excel.read.metadata.holder.AbstractReadHolder]Empty row!
[WARN][2020-05-09 17:50:26,136][com.alibaba.excel.read.metadata.holder.AbstractReadHolder]Empty row!
[WARN][2020-05-09 17:50:26,136][com.alibaba.excel.read.metadata.holder.AbstractReadHolder]Empty row!
[WARN][2020-05-09 17:50:26,137][com.alibaba.excel.read.metadata.holder.AbstractReadHolder]Empty row!
[WARN][2020-05-09 17:50:26,138][com.alibaba.excel.read.metadata.holder.AbstractReadHolder]Empty row!
[WARN][2020-05-09 17:50:26,138][com.alibaba.excel.read.metadata.holder.AbstractReadHolder]Empty row!
[WARN][2020-05-09 17:50:26,138][com.alibaba.excel.read.metadata.holder.AbstractReadHolder]Empty row!
[DEBUG][2020-05-09 17:52:50,274][com.alibaba.excel.metadata.property.ExcelHeadProperty]The initialization sheet/table 'ExcelHeadProperty' is complete , head kind is CLASS
[DEBUG][2020-05-09 17:52:50,382][com.alibaba.excel.context.AnalysisContextImpl]Initialization 'AnalysisContextImpl' complete
[DEBUG][2020-05-09 17:52:50,587][com.alibaba.excel.cache.selector.SimpleReadCacheSelector]Use map cache.size:5648
[DEBUG][2020-05-09 17:52:51,591][com.alibaba.excel.metadata.property.ExcelHeadProperty]The initialization sheet/table 'ExcelHeadProperty' is complete , head kind is CLASS
[DEBUG][2020-05-09 17:52:51,592][com.alibaba.excel.context.AnalysisContextImpl]Began to read：ReadSheetHolder{sheetNo=0, sheetName='Sheet1'} com.alibaba.excel.read.metadata.holder.ReadSheetHolder@1299f27a
[WARN][2020-05-09 17:52:51,741][com.alibaba.excel.read.metadata.holder.AbstractReadHolder]Empty row!
[WARN][2020-05-09 17:52:51,742][com.alibaba.excel.read.metadata.holder.AbstractReadHolder]Empty row!
[WARN][2020-05-09 17:52:51,743][com.alibaba.excel.read.metadata.holder.AbstractReadHolder]Empty row!
[WARN][2020-05-09 17:52:51,744][com.alibaba.excel.read.metadata.holder.AbstractReadHolder]Empty row!
[WARN][2020-05-09 17:52:51,744][com.alibaba.excel.read.metadata.holder.AbstractReadHolder]Empty row!
[WARN][2020-05-09 17:52:51,744][com.alibaba.excel.read.metadata.holder.AbstractReadHolder]Empty row!
[WARN][2020-05-09 17:52:51,745][com.alibaba.excel.read.metadata.holder.AbstractReadHolder]Empty row!
[WARN][2020-05-09 17:52:51,746][com.alibaba.excel.read.metadata.holder.AbstractReadHolder]Empty row!
[WARN][2020-05-09 17:52:51,746][com.alibaba.excel.read.metadata.holder.AbstractReadHolder]Empty row!
[WARN][2020-05-09 17:52:51,747][com.alibaba.excel.read.metadata.holder.AbstractReadHolder]Empty row!
[WARN][2020-05-09 17:52:51,773][com.alibaba.excel.read.metadata.holder.AbstractReadHolder]Empty row!
[WARN][2020-05-09 17:52:51,785][com.alibaba.excel.read.metadata.holder.AbstractReadHolder]Empty row!
[WARN][2020-05-09 17:52:51,785][com.alibaba.excel.read.metadata.holder.AbstractReadHolder]Empty row!
[WARN][2020-05-09 17:52:51,786][com.alibaba.excel.read.metadata.holder.AbstractReadHolder]Empty row!
[WARN][2020-05-09 17:52:51,787][com.alibaba.excel.read.metadata.holder.AbstractReadHolder]Empty row!
[WARN][2020-05-09 17:52:51,787][com.alibaba.excel.read.metadata.holder.AbstractReadHolder]Empty row!
[WARN][2020-05-09 17:52:51,788][com.alibaba.excel.read.metadata.holder.AbstractReadHolder]Empty row!
[WARN][2020-05-09 17:52:51,788][com.alibaba.excel.read.metadata.holder.AbstractReadHolder]Empty row!
[WARN][2020-05-09 17:52:51,789][com.alibaba.excel.read.metadata.holder.AbstractReadHolder]Empty row!
[WARN][2020-05-09 17:52:51,789][com.alibaba.excel.read.metadata.holder.AbstractReadHolder]Empty row!
[WARN][2020-05-09 17:52:51,790][com.alibaba.excel.read.metadata.holder.AbstractReadHolder]Empty row!
[WARN][2020-05-09 17:52:51,791][com.alibaba.excel.read.metadata.holder.AbstractReadHolder]Empty row!
[WARN][2020-05-09 17:52:51,791][com.alibaba.excel.read.metadata.holder.AbstractReadHolder]Empty row!
[WARN][2020-05-09 17:52:51,792][com.alibaba.excel.read.metadata.holder.AbstractReadHolder]Empty row!
[WARN][2020-05-09 17:52:51,794][com.alibaba.excel.read.metadata.holder.AbstractReadHolder]Empty row!
[WARN][2020-05-09 17:52:51,794][com.alibaba.excel.read.metadata.holder.AbstractReadHolder]Empty row!
[WARN][2020-05-09 17:52:51,797][com.alibaba.excel.read.metadata.holder.AbstractReadHolder]Empty row!
[WARN][2020-05-09 17:52:51,797][com.alibaba.excel.read.metadata.holder.AbstractReadHolder]Empty row!
[WARN][2020-05-09 17:52:51,798][com.alibaba.excel.read.metadata.holder.AbstractReadHolder]Empty row!
[WARN][2020-05-09 17:52:51,803][com.alibaba.excel.read.metadata.holder.AbstractReadHolder]Empty row!
[WARN][2020-05-09 17:52:51,804][com.alibaba.excel.read.metadata.holder.AbstractReadHolder]Empty row!
[WARN][2020-05-09 17:52:51,804][com.alibaba.excel.read.metadata.holder.AbstractReadHolder]Empty row!
[WARN][2020-05-09 17:52:51,805][com.alibaba.excel.read.metadata.holder.AbstractReadHolder]Empty row!
[WARN][2020-05-09 17:52:51,806][com.alibaba.excel.read.metadata.holder.AbstractReadHolder]Empty row!
[WARN][2020-05-09 17:52:51,807][com.alibaba.excel.read.metadata.holder.AbstractReadHolder]Empty row!
[WARN][2020-05-09 17:52:51,807][com.alibaba.excel.read.metadata.holder.AbstractReadHolder]Empty row!
[WARN][2020-05-09 17:52:51,808][com.alibaba.excel.read.metadata.holder.AbstractReadHolder]Empty row!
[WARN][2020-05-09 17:52:51,808][com.alibaba.excel.read.metadata.holder.AbstractReadHolder]Empty row!
[WARN][2020-05-09 17:52:51,808][com.alibaba.excel.read.metadata.holder.AbstractReadHolder]Empty row!
[WARN][2020-05-09 17:52:51,808][com.alibaba.excel.read.metadata.holder.AbstractReadHolder]Empty row!
[WARN][2020-05-09 17:52:51,809][com.alibaba.excel.read.metadata.holder.AbstractReadHolder]Empty row!
[WARN][2020-05-09 17:52:51,815][com.alibaba.excel.read.metadata.holder.AbstractReadHolder]Empty row!
[WARN][2020-05-09 17:52:51,815][com.alibaba.excel.read.metadata.holder.AbstractReadHolder]Empty row!
[WARN][2020-05-09 17:52:51,816][com.alibaba.excel.read.metadata.holder.AbstractReadHolder]Empty row!
[WARN][2020-05-09 17:52:51,816][com.alibaba.excel.read.metadata.holder.AbstractReadHolder]Empty row!
[WARN][2020-05-09 17:52:51,816][com.alibaba.excel.read.metadata.holder.AbstractReadHolder]Empty row!
[WARN][2020-05-09 17:52:51,817][com.alibaba.excel.read.metadata.holder.AbstractReadHolder]Empty row!
[WARN][2020-05-09 17:52:51,826][com.alibaba.excel.read.metadata.holder.AbstractReadHolder]Empty row!
[WARN][2020-05-09 17:52:51,826][com.alibaba.excel.read.metadata.holder.AbstractReadHolder]Empty row!
[WARN][2020-05-09 17:52:51,827][com.alibaba.excel.read.metadata.holder.AbstractReadHolder]Empty row!
[WARN][2020-05-09 17:52:51,829][com.alibaba.excel.read.metadata.holder.AbstractReadHolder]Empty row!
[WARN][2020-05-09 17:52:51,839][com.alibaba.excel.read.metadata.holder.AbstractReadHolder]Empty row!
[WARN][2020-05-09 17:52:51,840][com.alibaba.excel.read.metadata.holder.AbstractReadHolder]Empty row!
[WARN][2020-05-09 17:52:51,841][com.alibaba.excel.read.metadata.holder.AbstractReadHolder]Empty row!
[WARN][2020-05-09 17:52:51,841][com.alibaba.excel.read.metadata.holder.AbstractReadHolder]Empty row!
[WARN][2020-05-09 17:52:51,841][com.alibaba.excel.read.metadata.holder.AbstractReadHolder]Empty row!
[WARN][2020-05-09 17:52:51,842][com.alibaba.excel.read.metadata.holder.AbstractReadHolder]Empty row!
[WARN][2020-05-09 17:52:51,842][com.alibaba.excel.read.metadata.holder.AbstractReadHolder]Empty row!
[WARN][2020-05-09 17:52:51,843][com.alibaba.excel.read.metadata.holder.AbstractReadHolder]Empty row!
[WARN][2020-05-09 17:52:51,845][com.alibaba.excel.read.metadata.holder.AbstractReadHolder]Empty row!
[WARN][2020-05-09 17:52:51,851][com.alibaba.excel.read.metadata.holder.AbstractReadHolder]Empty row!
[WARN][2020-05-09 17:52:51,851][com.alibaba.excel.read.metadata.holder.AbstractReadHolder]Empty row!
[WARN][2020-05-09 17:52:51,854][com.alibaba.excel.read.metadata.holder.AbstractReadHolder]Empty row!
[WARN][2020-05-09 17:52:51,854][com.alibaba.excel.read.metadata.holder.AbstractReadHolder]Empty row!
[WARN][2020-05-09 17:52:51,859][com.alibaba.excel.read.metadata.holder.AbstractReadHolder]Empty row!
[WARN][2020-05-09 17:52:51,859][com.alibaba.excel.read.metadata.holder.AbstractReadHolder]Empty row!
[WARN][2020-05-09 17:52:51,860][com.alibaba.excel.read.metadata.holder.AbstractReadHolder]Empty row!
[WARN][2020-05-09 17:52:51,860][com.alibaba.excel.read.metadata.holder.AbstractReadHolder]Empty row!
[WARN][2020-05-09 17:52:51,861][com.alibaba.excel.read.metadata.holder.AbstractReadHolder]Empty row!
[WARN][2020-05-09 17:52:51,861][com.alibaba.excel.read.metadata.holder.AbstractReadHolder]Empty row!
[WARN][2020-05-09 17:52:51,862][com.alibaba.excel.read.metadata.holder.AbstractReadHolder]Empty row!
[WARN][2020-05-09 17:52:51,862][com.alibaba.excel.read.metadata.holder.AbstractReadHolder]Empty row!
[WARN][2020-05-09 17:52:51,862][com.alibaba.excel.read.metadata.holder.AbstractReadHolder]Empty row!
[WARN][2020-05-09 17:52:51,863][com.alibaba.excel.read.metadata.holder.AbstractReadHolder]Empty row!
[WARN][2020-05-09 17:52:51,863][com.alibaba.excel.read.metadata.holder.AbstractReadHolder]Empty row!
[WARN][2020-05-09 17:52:51,864][com.alibaba.excel.read.metadata.holder.AbstractReadHolder]Empty row!
[WARN][2020-05-09 17:52:51,864][com.alibaba.excel.read.metadata.holder.AbstractReadHolder]Empty row!
[WARN][2020-05-09 17:52:51,864][com.alibaba.excel.read.metadata.holder.AbstractReadHolder]Empty row!
[WARN][2020-05-09 17:52:51,865][com.alibaba.excel.read.metadata.holder.AbstractReadHolder]Empty row!
[WARN][2020-05-09 17:52:51,865][com.alibaba.excel.read.metadata.holder.AbstractReadHolder]Empty row!
[WARN][2020-05-09 17:52:51,865][com.alibaba.excel.read.metadata.holder.AbstractReadHolder]Empty row!
[WARN][2020-05-09 17:52:51,866][com.alibaba.excel.read.metadata.holder.AbstractReadHolder]Empty row!
[WARN][2020-05-09 17:52:51,866][com.alibaba.excel.read.metadata.holder.AbstractReadHolder]Empty row!
[WARN][2020-05-09 17:52:51,867][com.alibaba.excel.read.metadata.holder.AbstractReadHolder]Empty row!
[WARN][2020-05-09 17:52:51,873][com.alibaba.excel.read.metadata.holder.AbstractReadHolder]Empty row!
[WARN][2020-05-09 17:52:51,873][com.alibaba.excel.read.metadata.holder.AbstractReadHolder]Empty row!
[WARN][2020-05-09 17:52:51,874][com.alibaba.excel.read.metadata.holder.AbstractReadHolder]Empty row!
[WARN][2020-05-09 17:52:51,874][com.alibaba.excel.read.metadata.holder.AbstractReadHolder]Empty row!
[WARN][2020-05-09 17:52:51,874][com.alibaba.excel.read.metadata.holder.AbstractReadHolder]Empty row!
[WARN][2020-05-09 17:52:51,874][com.alibaba.excel.read.metadata.holder.AbstractReadHolder]Empty row!
[WARN][2020-05-09 17:52:51,875][com.alibaba.excel.read.metadata.holder.AbstractReadHolder]Empty row!
[WARN][2020-05-09 17:52:51,875][com.alibaba.excel.read.metadata.holder.AbstractReadHolder]Empty row!
[WARN][2020-05-09 17:52:51,875][com.alibaba.excel.read.metadata.holder.AbstractReadHolder]Empty row!
[WARN][2020-05-09 17:52:51,875][com.alibaba.excel.read.metadata.holder.AbstractReadHolder]Empty row!
[WARN][2020-05-09 17:52:51,876][com.alibaba.excel.read.metadata.holder.AbstractReadHolder]Empty row!
[WARN][2020-05-09 17:52:51,876][com.alibaba.excel.read.metadata.holder.AbstractReadHolder]Empty row!
[WARN][2020-05-09 17:52:51,877][com.alibaba.excel.read.metadata.holder.AbstractReadHolder]Empty row!
[WARN][2020-05-09 17:52:51,877][com.alibaba.excel.read.metadata.holder.AbstractReadHolder]Empty row!
[WARN][2020-05-09 17:52:51,878][com.alibaba.excel.read.metadata.holder.AbstractReadHolder]Empty row!
[WARN][2020-05-09 17:52:51,878][com.alibaba.excel.read.metadata.holder.AbstractReadHolder]Empty row!
[WARN][2020-05-09 17:52:51,885][com.alibaba.excel.read.metadata.holder.AbstractReadHolder]Empty row!
[WARN][2020-05-09 17:52:51,887][com.alibaba.excel.read.metadata.holder.AbstractReadHolder]Empty row!
[WARN][2020-05-09 17:52:51,888][com.alibaba.excel.read.metadata.holder.AbstractReadHolder]Empty row!
[WARN][2020-05-09 17:52:51,891][com.alibaba.excel.read.metadata.holder.AbstractReadHolder]Empty row!
[WARN][2020-05-09 17:52:51,892][com.alibaba.excel.read.metadata.holder.AbstractReadHolder]Empty row!
[WARN][2020-05-09 17:52:51,895][com.alibaba.excel.read.metadata.holder.AbstractReadHolder]Empty row!
[WARN][2020-05-09 17:52:51,895][com.alibaba.excel.read.metadata.holder.AbstractReadHolder]Empty row!
[WARN][2020-05-09 17:52:51,896][com.alibaba.excel.read.metadata.holder.AbstractReadHolder]Empty row!
[WARN][2020-05-09 17:52:51,896][com.alibaba.excel.read.metadata.holder.AbstractReadHolder]Empty row!
[WARN][2020-05-09 17:52:51,896][com.alibaba.excel.read.metadata.holder.AbstractReadHolder]Empty row!
[WARN][2020-05-09 17:52:51,897][com.alibaba.excel.read.metadata.holder.AbstractReadHolder]Empty row!
[WARN][2020-05-09 17:52:51,897][com.alibaba.excel.read.metadata.holder.AbstractReadHolder]Empty row!
[WARN][2020-05-09 17:52:51,897][com.alibaba.excel.read.metadata.holder.AbstractReadHolder]Empty row!
[WARN][2020-05-09 17:52:51,898][com.alibaba.excel.read.metadata.holder.AbstractReadHolder]Empty row!
[WARN][2020-05-09 17:52:51,898][com.alibaba.excel.read.metadata.holder.AbstractReadHolder]Empty row!
[WARN][2020-05-09 17:52:51,898][com.alibaba.excel.read.metadata.holder.AbstractReadHolder]Empty row!
[WARN][2020-05-09 17:52:51,899][com.alibaba.excel.read.metadata.holder.AbstractReadHolder]Empty row!
[WARN][2020-05-09 17:52:51,900][com.alibaba.excel.read.metadata.holder.AbstractReadHolder]Empty row!
[WARN][2020-05-09 17:52:51,900][com.alibaba.excel.read.metadata.holder.AbstractReadHolder]Empty row!
[WARN][2020-05-09 17:52:51,901][com.alibaba.excel.read.metadata.holder.AbstractReadHolder]Empty row!
[WARN][2020-05-09 17:52:51,901][com.alibaba.excel.read.metadata.holder.AbstractReadHolder]Empty row!
[WARN][2020-05-09 17:52:51,902][com.alibaba.excel.read.metadata.holder.AbstractReadHolder]Empty row!
[WARN][2020-05-09 17:52:51,903][com.alibaba.excel.read.metadata.holder.AbstractReadHolder]Empty row!
[WARN][2020-05-09 17:52:51,905][com.alibaba.excel.read.metadata.holder.AbstractReadHolder]Empty row!
[WARN][2020-05-09 17:52:51,905][com.alibaba.excel.read.metadata.holder.AbstractReadHolder]Empty row!
[WARN][2020-05-09 17:52:51,908][com.alibaba.excel.read.metadata.holder.AbstractReadHolder]Empty row!
[WARN][2020-05-09 17:52:51,908][com.alibaba.excel.read.metadata.holder.AbstractReadHolder]Empty row!
[WARN][2020-05-09 17:52:51,908][com.alibaba.excel.read.metadata.holder.AbstractReadHolder]Empty row!
[WARN][2020-05-09 17:52:51,909][com.alibaba.excel.read.metadata.holder.AbstractReadHolder]Empty row!
[WARN][2020-05-09 17:52:51,909][com.alibaba.excel.read.metadata.holder.AbstractReadHolder]Empty row!
[WARN][2020-05-09 17:52:51,909][com.alibaba.excel.read.metadata.holder.AbstractReadHolder]Empty row!
[WARN][2020-05-09 17:52:51,910][com.alibaba.excel.read.metadata.holder.AbstractReadHolder]Empty row!
[WARN][2020-05-09 17:52:51,910][com.alibaba.excel.read.metadata.holder.AbstractReadHolder]Empty row!
[WARN][2020-05-09 17:52:51,910][com.alibaba.excel.read.metadata.holder.AbstractReadHolder]Empty row!
[WARN][2020-05-09 17:52:51,911][com.alibaba.excel.read.metadata.holder.AbstractReadHolder]Empty row!
[WARN][2020-05-09 17:52:51,911][com.alibaba.excel.read.metadata.holder.AbstractReadHolder]Empty row!
[WARN][2020-05-09 17:52:51,911][com.alibaba.excel.read.metadata.holder.AbstractReadHolder]Empty row!
[WARN][2020-05-09 17:52:51,911][com.alibaba.excel.read.metadata.holder.AbstractReadHolder]Empty row!
[WARN][2020-05-09 17:52:51,912][com.alibaba.excel.read.metadata.holder.AbstractReadHolder]Empty row!
[WARN][2020-05-09 17:52:51,912][com.alibaba.excel.read.metadata.holder.AbstractReadHolder]Empty row!
[WARN][2020-05-09 17:52:51,912][com.alibaba.excel.read.metadata.holder.AbstractReadHolder]Empty row!
[WARN][2020-05-09 17:52:51,912][com.alibaba.excel.read.metadata.holder.AbstractReadHolder]Empty row!
[WARN][2020-05-09 17:52:51,912][com.alibaba.excel.read.metadata.holder.AbstractReadHolder]Empty row!
[WARN][2020-05-09 17:52:51,913][com.alibaba.excel.read.metadata.holder.AbstractReadHolder]Empty row!
[WARN][2020-05-09 17:52:51,913][com.alibaba.excel.read.metadata.holder.AbstractReadHolder]Empty row!
[WARN][2020-05-09 17:52:51,913][com.alibaba.excel.read.metadata.holder.AbstractReadHolder]Empty row!
[WARN][2020-05-09 17:52:51,914][com.alibaba.excel.read.metadata.holder.AbstractReadHolder]Empty row!
[WARN][2020-05-09 17:52:51,914][com.alibaba.excel.read.metadata.holder.AbstractReadHolder]Empty row!
[WARN][2020-05-09 17:52:51,914][com.alibaba.excel.read.metadata.holder.AbstractReadHolder]Empty row!
[WARN][2020-05-09 17:52:51,915][com.alibaba.excel.read.metadata.holder.AbstractReadHolder]Empty row!
[WARN][2020-05-09 17:52:51,917][com.alibaba.excel.read.metadata.holder.AbstractReadHolder]Empty row!
[WARN][2020-05-09 17:52:51,918][com.alibaba.excel.read.metadata.holder.AbstractReadHolder]Empty row!
[WARN][2020-05-09 17:52:51,918][com.alibaba.excel.read.metadata.holder.AbstractReadHolder]Empty row!
[WARN][2020-05-09 17:52:51,918][com.alibaba.excel.read.metadata.holder.AbstractReadHolder]Empty row!
[WARN][2020-05-09 17:52:51,919][com.alibaba.excel.read.metadata.holder.AbstractReadHolder]Empty row!
[WARN][2020-05-09 17:52:51,919][com.alibaba.excel.read.metadata.holder.AbstractReadHolder]Empty row!
[WARN][2020-05-09 17:52:51,919][com.alibaba.excel.read.metadata.holder.AbstractReadHolder]Empty row!
[WARN][2020-05-09 17:52:51,920][com.alibaba.excel.read.metadata.holder.AbstractReadHolder]Empty row!
[WARN][2020-05-09 17:52:51,920][com.alibaba.excel.read.metadata.holder.AbstractReadHolder]Empty row!
[WARN][2020-05-09 17:52:51,920][com.alibaba.excel.read.metadata.holder.AbstractReadHolder]Empty row!
[WARN][2020-05-09 17:52:51,923][com.alibaba.excel.read.metadata.holder.AbstractReadHolder]Empty row!
[WARN][2020-05-09 17:52:51,923][com.alibaba.excel.read.metadata.holder.AbstractReadHolder]Empty row!
[WARN][2020-05-09 17:52:51,923][com.alibaba.excel.read.metadata.holder.AbstractReadHolder]Empty row!
[WARN][2020-05-09 17:52:51,924][com.alibaba.excel.read.metadata.holder.AbstractReadHolder]Empty row!
[WARN][2020-05-09 17:52:51,924][com.alibaba.excel.read.metadata.holder.AbstractReadHolder]Empty row!
[WARN][2020-05-09 17:52:51,924][com.alibaba.excel.read.metadata.holder.AbstractReadHolder]Empty row!
[WARN][2020-05-09 17:52:51,925][com.alibaba.excel.read.metadata.holder.AbstractReadHolder]Empty row!
[WARN][2020-05-09 17:52:51,925][com.alibaba.excel.read.metadata.holder.AbstractReadHolder]Empty row!
